\BOOKMARK [1][-]{section.1}{\376\377\000I\000n\000t\000r\000o\000d\000u\000c\000t\000i\000o\000n}{}% 1
\BOOKMARK [1][-]{section.2}{\376\377\000A\000l\000g\000o\000r\000i\000t\000h\000m\000\040\000D\000e\000s\000i\000g\000n\000\040\000a\000n\000d\000\040\000A\000n\000a\000l\000y\000s\000i\000s}{}% 2
\BOOKMARK [2][-]{subsection.2.1}{\376\377\000F\000i\000r\000s\000t\000-\000C\000o\000m\000e\000,\000\040\000F\000i\000r\000s\000t\000-\000S\000e\000r\000v\000e\000d}{section.2}% 3
\BOOKMARK [3][-]{subsubsection.2.1.1}{\376\377\000P\000s\000e\000u\000d\000o\000c\000o\000d\000e\000\040\000N\000o\000t\000a\000t\000i\000o\000n}{subsection.2.1}% 4
\BOOKMARK [3][-]{subsubsection.2.1.2}{\376\377\000T\000h\000e\000o\000r\000e\000t\000i\000c\000a\000l\000\040\000t\000i\000m\000e\000\040\000e\000f\000f\000i\000c\000i\000e\000n\000c\000y}{subsection.2.1}% 5
\BOOKMARK [2][-]{subsection.2.2}{\376\377\000S\000h\000o\000r\000t\000e\000s\000t\000\040\000J\000o\000b\000\040\000F\000i\000r\000s\000t}{section.2}% 6
\BOOKMARK [3][-]{subsubsection.2.2.1}{\376\377\000P\000s\000e\000u\000d\000o\000c\000o\000d\000e\000\040\000N\000o\000t\000a\000t\000i\000o\000n}{subsection.2.2}% 7
\BOOKMARK [3][-]{subsubsection.2.2.2}{\376\377\000T\000h\000e\000o\000r\000e\000t\000i\000c\000a\000l\000\040\000t\000i\000m\000e\000\040\000e\000f\000f\000i\000c\000i\000e\000n\000c\000y}{subsection.2.2}% 8
\BOOKMARK [2][-]{subsection.2.3}{\376\377\000P\000r\000i\000o\000r\000i\000t\000y}{section.2}% 9
\BOOKMARK [3][-]{subsubsection.2.3.1}{\376\377\000P\000s\000e\000u\000d\000o\000c\000o\000d\000e\000\040\000N\000o\000t\000a\000t\000i\000o\000n}{subsection.2.3}% 10
\BOOKMARK [3][-]{subsubsection.2.3.2}{\376\377\000T\000h\000e\000o\000r\000e\000t\000i\000c\000a\000l\000\040\000t\000i\000m\000e\000\040\000e\000f\000f\000i\000c\000i\000e\000n\000c\000y}{subsection.2.3}% 11
\BOOKMARK [2][-]{subsection.2.4}{\376\377\000R\000e\000a\000l\000\040\000w\000o\000r\000l\000d\000\040\000i\000m\000p\000l\000i\000c\000a\000t\000i\000o\000n\000s}{section.2}% 12
\BOOKMARK [3][-]{subsubsection.2.4.1}{\376\377\000L\000i\000m\000i\000t\000a\000t\000i\000o\000n\000s}{subsection.2.4}% 13
\BOOKMARK [1][-]{section.3}{\376\377\000T\000e\000s\000t\000\040\000P\000l\000a\000n}{}% 14
\BOOKMARK [2][-]{subsection.3.1}{\376\377\000T\000e\000s\000t\000i\000n\000g\000\040\000J\000o\000b\000.\000c\000s}{section.3}% 15
\BOOKMARK [3][-]{subsubsection.3.1.1}{\376\377\000I\000s\000V\000a\000l\000i\000d\000I\000d\000\050\000u\000i\000n\000t\000\040\000i\000d\000\051}{subsection.3.1}% 16
\BOOKMARK [3][-]{subsubsection.3.1.2}{\376\377\000I\000s\000V\000a\000l\000i\000d\000E\000x\000e\000c\000u\000t\000i\000o\000n\000T\000i\000m\000e\000\050\000u\000i\000n\000t\000\040\000e\000x\000e\000c\000u\000t\000i\000o\000n\000t\000i\000m\000e\000\051}{subsection.3.1}% 17
\BOOKMARK [3][-]{subsubsection.3.1.3}{\376\377\000I\000s\000V\000a\000l\000i\000d\000P\000r\000i\000o\000r\000i\000t\000y\000\050\000u\000i\000n\000t\000\040\000p\000r\000i\000o\000r\000i\000t\000y\000\051}{subsection.3.1}% 18
\BOOKMARK [3][-]{subsubsection.3.1.4}{\376\377\000I\000s\000T\000i\000m\000e\000R\000e\000c\000e\000i\000v\000e\000d\000\050\000u\000i\000n\000t\000\040\000t\000i\000m\000e\000\051}{subsection.3.1}% 19
\BOOKMARK [2][-]{subsection.3.2}{\376\377\000T\000e\000s\000t\000i\000n\000g\000\040\000J\000o\000b\000C\000o\000l\000l\000e\000c\000t\000i\000o\000n\000.\000c\000s}{section.3}% 20
\BOOKMARK [3][-]{subsubsection.3.2.1}{\376\377\000A\000d\000d\000\050\000I\000J\000o\000b\000\040\000j\000o\000b\000\051}{subsection.3.2}% 21
\BOOKMARK [3][-]{subsubsection.3.2.2}{\376\377\000C\000o\000n\000t\000a\000i\000n\000s\000\050\000u\000i\000n\000t\000\040\000i\000d\000\051}{subsection.3.2}% 22
\BOOKMARK [3][-]{subsubsection.3.2.3}{\376\377\000F\000i\000n\000d\000\050\000u\000i\000n\000t\000\040\000i\000d\000\051}{subsection.3.2}% 23
\BOOKMARK [3][-]{subsubsection.3.2.4}{\376\377\000R\000e\000m\000o\000v\000e\000\050\000u\000i\000n\000t\000\040\000i\000d\000\051}{subsection.3.2}% 24
\BOOKMARK [3][-]{subsubsection.3.2.5}{\376\377\000T\000o\000A\000r\000r\000a\000y}{subsection.3.2}% 25
\BOOKMARK [2][-]{subsection.3.3}{\376\377\000T\000e\000s\000t\000i\000n\000g\000\040\000S\000c\000h\000e\000d\000u\000l\000e\000r\000.\000c\000s}{section.3}% 26
\BOOKMARK [3][-]{subsubsection.3.3.1}{\376\377\000U\000n\000i\000t\000\040\000t\000e\000s\000t\000i\000n\000g\000\040\000m\000e\000t\000h\000o\000d\000o\000l\000o\000g\000y}{subsection.3.3}% 27
\BOOKMARK [3][-]{subsubsection.3.3.2}{\376\377\000T\000e\000s\000t\000i\000n\000g\000\040\000m\000e\000t\000h\000o\000d\000s}{subsection.3.3}% 28
\BOOKMARK [3][-]{subsubsection.3.3.3}{\376\377\000F\000i\000r\000s\000t\000C\000o\000m\000e\000F\000i\000r\000s\000t\000S\000e\000r\000v\000e\000d}{subsection.3.3}% 29
\BOOKMARK [3][-]{subsubsection.3.3.4}{\376\377\000S\000h\000o\000r\000t\000e\000s\000t\000J\000o\000b\000F\000i\000r\000s\000t}{subsection.3.3}% 30
\BOOKMARK [3][-]{subsubsection.3.3.5}{\376\377\000P\000r\000i\000o\000r\000i\000t\000y}{subsection.3.3}% 31
\BOOKMARK [1][-]{section.4}{\376\377\000R\000e\000f\000e\000r\000e\000n\000c\000e\000s}{}% 32
\BOOKMARK [1][-]{section.5}{\376\377\000A\000p\000p\000e\000n\000d\000i\000x}{}% 33
\BOOKMARK [2][-]{subsection.5.1}{\376\377\000J\000o\000b\000\040\000A\000D\000T\000\040\000t\000e\000s\000t\000\040\000d\000a\000t\000a\000,\000\040\000r\000e\000s\000u\000l\000t\000s\000\040\000a\000n\000d\000\040\000c\000o\000d\000e}{section.5}% 34
\BOOKMARK [3][-]{subsubsection.5.1.1}{\376\377\000I\000s\000V\000a\000l\000i\000d\000I\000d\000\050\000\051}{subsection.5.1}% 35
\BOOKMARK [3][-]{subsubsection.5.1.2}{\376\377\000I\000s\000V\000a\000l\000i\000d\000E\000x\000e\000c\000u\000t\000i\000o\000n\000T\000i\000m\000e\000\050\000\051}{subsection.5.1}% 36
\BOOKMARK [3][-]{subsubsection.5.1.3}{\376\377\000I\000s\000V\000a\000l\000i\000d\000P\000r\000i\000o\000r\000i\000t\000y\000\050\000\051}{subsection.5.1}% 37
\BOOKMARK [3][-]{subsubsection.5.1.4}{\376\377\000I\000s\000T\000i\000m\000e\000R\000e\000c\000e\000i\000v\000e\000d\000\050\000\051}{subsection.5.1}% 38
\BOOKMARK [2][-]{subsection.5.2}{\376\377\000J\000o\000b\000C\000o\000l\000l\000e\000c\000t\000i\000o\000n\000\040\000A\000D\000T\000\040\000t\000e\000s\000t\000\040\000d\000a\000t\000a\000,\000\040\000r\000e\000s\000u\000l\000t\000s\000\040\000a\000n\000d\000\040\000c\000o\000d\000e}{section.5}% 39
\BOOKMARK [3][-]{subsubsection.5.2.1}{\376\377\000A\000d\000d\000\050\000\051}{subsection.5.2}% 40
\BOOKMARK [3][-]{subsubsection.5.2.2}{\376\377\000C\000o\000n\000t\000a\000i\000n\000s\000\050\000\051}{subsection.5.2}% 41
\BOOKMARK [3][-]{subsubsection.5.2.3}{\376\377\000F\000i\000n\000d\000\050\000\051}{subsection.5.2}% 42
\BOOKMARK [3][-]{subsubsection.5.2.4}{\376\377\000R\000e\000m\000o\000v\000e\000\050\000\051}{subsection.5.2}% 43
\BOOKMARK [3][-]{subsubsection.5.2.5}{\376\377\000T\000o\000A\000r\000r\000a\000y\000\050\000\051}{subsection.5.2}% 44
\BOOKMARK [2][-]{subsection.5.3}{\376\377\000S\000c\000h\000e\000d\000u\000l\000e\000r\000\040\000A\000D\000T\000\040\000t\000e\000s\000t\000\040\000d\000a\000t\000a\000,\000\040\000r\000e\000s\000u\000l\000t\000s\000\040\000a\000n\000d\000\040\000c\000o\000d\000e}{section.5}% 45
\BOOKMARK [3][-]{subsubsection.5.3.1}{\376\377\000F\000i\000r\000s\000t\000C\000o\000m\000e\000F\000i\000r\000s\000t\000S\000e\000r\000v\000e\000d}{subsection.5.3}% 46
\BOOKMARK [3][-]{subsubsection.5.3.2}{\376\377\000S\000h\000o\000r\000t\000e\000s\000t\000\040\000J\000o\000b\000\040\000F\000i\000r\000s\000t}{subsection.5.3}% 47
\BOOKMARK [3][-]{subsubsection.5.3.3}{\376\377\000P\000r\000i\000o\000r\000i\000t\000y}{subsection.5.3}% 48
