This is pdfTeX, Version 3.141592653-2.6-1.40.24 (TeX Live 2022) (preloaded format=pdflatex 2022.6.7)  8 APR 2023 19:29
entering extended mode
 restricted \write18 enabled.
 file:line:error style messages enabled.
 %&-line parsing enabled.
**"/Users/shridhar/Library/CloudStorage/OneDrive-QueenslandUniversityofTechnology/Bachelor of Mathematics and Information Technology/Year 4/CAB301 Algorithms/Assignment 1/Report/Report/Report.tex"
(/Users/shridhar/Library/CloudStorage/OneDrive-QueenslandUniversityofTechnology/Bachelor of Mathematics and Information Technology/Year 4/CAB301 Algorithms/Assignment 1/Report/Report/Report.tex
LaTeX2e <2021-11-15> patch level 1
L3 programming layer <2022-02-24> (/usr/local/texlive/2022/texmf-dist/tex/latex/base/article.cls
Document Class: article 2021/10/04 v1.4n Standard LaTeX document class
(/usr/local/texlive/2022/texmf-dist/tex/latex/base/size10.clo
File: size10.clo 2021/10/04 v1.4n Standard LaTeX file (size option)
)
\c@part=\count185
\c@section=\count186
\c@subsection=\count187
\c@subsubsection=\count188
\c@paragraph=\count189
\c@subparagraph=\count190
\c@figure=\count191
\c@table=\count192
\abovecaptionskip=\skip47
\belowcaptionskip=\skip48
\bibindent=\dimen138
) (/usr/local/texlive/2022/texmf-dist/tex/latex/amsfonts/amsfonts.sty
Package: amsfonts 2013/01/14 v3.01 Basic AMSFonts support
\@emptytoks=\toks16
\symAMSa=\mathgroup4
\symAMSb=\mathgroup5
LaTeX Font Info:    Redeclaring math symbol \hbar on input line 98.
LaTeX Font Info:    Overwriting math alphabet `\mathfrak' in version `bold'
(Font)                  U/euf/m/n --> U/euf/b/n on input line 106.
) (/usr/local/texlive/2022/texmf-dist/tex/latex/amsfonts/amssymb.sty
Package: amssymb 2013/01/14 v3.01 AMS font symbols
) (/usr/local/texlive/2022/texmf-dist/tex/latex/graphics/graphicx.sty
Package: graphicx 2021/09/16 v1.2d Enhanced LaTeX Graphics (DPC,SPQR)
 (/usr/local/texlive/2022/texmf-dist/tex/latex/graphics/keyval.sty
Package: keyval 2014/10/28 v1.15 key=value parser (DPC)
\KV@toks@=\toks17
) (/usr/local/texlive/2022/texmf-dist/tex/latex/graphics/graphics.sty
Package: graphics 2021/03/04 v1.4d Standard LaTeX Graphics (DPC,SPQR)
 (/usr/local/texlive/2022/texmf-dist/tex/latex/graphics/trig.sty
Package: trig 2021/08/11 v1.11 sin cos tan (DPC)
) (/usr/local/texlive/2022/texmf-dist/tex/latex/graphics-cfg/graphics.cfg
File: graphics.cfg 2016/06/04 v1.11 sample graphics configuration
)
Package graphics Info: Driver file: pdftex.def on input line 107.
 (/usr/local/texlive/2022/texmf-dist/tex/latex/graphics-def/pdftex.def
File: pdftex.def 2020/10/05 v1.2a Graphics/color driver for pdftex
))
\Gin@req@height=\dimen139
\Gin@req@width=\dimen140
) (/usr/local/texlive/2022/texmf-dist/tex/latex/xcolor/xcolor.sty
Package: xcolor 2021/10/31 v2.13 LaTeX color extensions (UK)
 (/usr/local/texlive/2022/texmf-dist/tex/latex/graphics-cfg/color.cfg
File: color.cfg 2016/01/02 v1.6 sample color configuration
)
Package xcolor Info: Driver file: pdftex.def on input line 227.
Package xcolor Info: Model `cmy' substituted by `cmy0' on input line 1352.
Package xcolor Info: Model `hsb' substituted by `rgb' on input line 1356.
Package xcolor Info: Model `RGB' extended on input line 1368.
Package xcolor Info: Model `HTML' substituted by `rgb' on input line 1370.
Package xcolor Info: Model `Hsb' substituted by `hsb' on input line 1371.
Package xcolor Info: Model `tHsb' substituted by `hsb' on input line 1372.
Package xcolor Info: Model `HSB' substituted by `hsb' on input line 1373.
Package xcolor Info: Model `Gray' substituted by `gray' on input line 1374.
Package xcolor Info: Model `wave' substituted by `hsb' on input line 1375.
) (/usr/local/texlive/2022/texmf-dist/tex/latex/geometry/geometry.sty
Package: geometry 2020/01/02 v5.9 Page Geometry
 (/usr/local/texlive/2022/texmf-dist/tex/generic/iftex/ifvtex.sty
Package: ifvtex 2019/10/25 v1.7 ifvtex legacy package. Use iftex instead.
 (/usr/local/texlive/2022/texmf-dist/tex/generic/iftex/iftex.sty
Package: iftex 2022/02/03 v1.0f TeX engine tests
))
\Gm@cnth=\count193
\Gm@cntv=\count194
\c@Gm@tempcnt=\count195
\Gm@bindingoffset=\dimen141
\Gm@wd@mp=\dimen142
\Gm@odd@mp=\dimen143
\Gm@even@mp=\dimen144
\Gm@layoutwidth=\dimen145
\Gm@layoutheight=\dimen146
\Gm@layouthoffset=\dimen147
\Gm@layoutvoffset=\dimen148
\Gm@dimlist=\toks18
) (/usr/local/texlive/2022/texmf-dist/tex/latex/titling/titling.sty
Package: titling 2009/09/04 v2.1d maketitle typesetting
\thanksmarkwidth=\skip49
\thanksmargin=\skip50
\droptitle=\skip51
) (/usr/local/texlive/2022/texmf-dist/tex/latex/caption/caption.sty
Package: caption 2022/03/01 v3.6b Customizing captions (AR)
 (/usr/local/texlive/2022/texmf-dist/tex/latex/caption/caption3.sty
Package: caption3 2022/03/17 v2.3b caption3 kernel (AR)
\caption@tempdima=\dimen149
\captionmargin=\dimen150
\caption@leftmargin=\dimen151
\caption@rightmargin=\dimen152
\caption@width=\dimen153
\caption@indent=\dimen154
\caption@parindent=\dimen155
\caption@hangindent=\dimen156
Package caption Info: Standard document class detected.
)
\c@caption@flags=\count196
\c@continuedfloat=\count197
) (/usr/local/texlive/2022/texmf-dist/tex/latex/algorithms/algorithm.sty
Package: algorithm 2009/08/24 v0.1 Document Style `algorithm' - floating environment
 (/usr/local/texlive/2022/texmf-dist/tex/latex/float/float.sty
Package: float 2001/11/08 v1.3d Float enhancements (AL)
\c@float@type=\count198
\float@exts=\toks19
\float@box=\box50
\@float@everytoks=\toks20
\@floatcapt=\box51
) (/usr/local/texlive/2022/texmf-dist/tex/latex/base/ifthen.sty
Package: ifthen 2020/11/24 v1.1c Standard LaTeX ifthen package (DPC)
)
\@float@every@algorithm=\toks21
\c@algorithm=\count199
) (/usr/local/texlive/2022/texmf-dist/tex/latex/algorithmicx/algpseudocode.sty
Package: algpseudocode 
 (/usr/local/texlive/2022/texmf-dist/tex/latex/algorithmicx/algorithmicx.sty
Package: algorithmicx 2005/04/27 v1.2 Algorithmicx

Document Style algorithmicx 1.2 - a greatly improved `algorithmic' style
\c@ALG@line=\count266
\c@ALG@rem=\count267
\c@ALG@nested=\count268
\ALG@tlm=\skip52
\ALG@thistlm=\skip53
\c@ALG@Lnr=\count269
\c@ALG@blocknr=\count270
\c@ALG@storecount=\count271
\c@ALG@tmpcounter=\count272
\ALG@tmplength=\skip54
)
Document Style - pseudocode environments for use with the `algorithmicx' style
) (/usr/local/texlive/2022/texmf-dist/tex/latex/listings/listings.sty
\lst@mode=\count273
\lst@gtempboxa=\box52
\lst@token=\toks22
\lst@length=\count274
\lst@currlwidth=\dimen157
\lst@column=\count275
\lst@pos=\count276
\lst@lostspace=\dimen158
\lst@width=\dimen159
\lst@newlines=\count277
\lst@lineno=\count278
\lst@maxwidth=\dimen160
 (/usr/local/texlive/2022/texmf-dist/tex/latex/listings/lstmisc.sty
File: lstmisc.sty 2020/03/24 1.8d (Carsten Heinz)
\c@lstnumber=\count279
\lst@skipnumbers=\count280
\lst@framebox=\box53
) (/usr/local/texlive/2022/texmf-dist/tex/latex/listings/listings.cfg
File: listings.cfg 2020/03/24 1.8d listings configuration
))
Package: listings 2020/03/24 1.8d (Carsten Heinz)
 (/usr/local/texlive/2022/texmf-dist/tex/latex/l3packages/xparse/xparse.sty (/usr/local/texlive/2022/texmf-dist/tex/latex/l3kernel/expl3.sty
Package: expl3 2022-02-24 L3 programming layer (loader) 
 (/usr/local/texlive/2022/texmf-dist/tex/latex/l3backend/l3backend-pdftex.def
File: l3backend-pdftex.def 2022-02-07 L3 backend support: PDF output (pdfTeX)
\l__color_backend_stack_int=\count281
\l__pdf_internal_box=\box54
))
Package: xparse 2022-01-12 L3 Experimental document command parser
) (/usr/local/texlive/2022/texmf-dist/tex/latex/blindtext/blindtext.sty
Package: blindtext 2012/01/06 V2.0 blindtext-Package
 (/usr/local/texlive/2022/texmf-dist/tex/latex/tools/xspace.sty
Package: xspace 2014/10/28 v1.13 Space after command names (DPC,MH)
)
\c@blindtext=\count282
\c@Blindtext=\count283
\c@blind@countparstart=\count284
\blind@countxx=\count285
\blindtext@numBlindtext=\count286
\blind@countyy=\count287
\c@blindlist=\count288
\c@blindlistlevel=\count289
\c@blindlist@level=\count290
\blind@listitem=\count291
\c@blind@listcount=\count292
\c@blind@levelcount=\count293
\blind@mathformula=\count294
\blind@Mathformula=\count295
\c@blind@randomcount=\count296
\c@blind@randommax=\count297
\c@blind@pangramcount=\count298
\c@blind@pangrammax=\count299
) (/usr/local/texlive/2022/texmf-dist/tex/latex/hyperref/hyperref.sty
Package: hyperref 2022-02-21 v7.00n Hypertext links for LaTeX
 (/usr/local/texlive/2022/texmf-dist/tex/generic/ltxcmds/ltxcmds.sty
Package: ltxcmds 2020-05-10 v1.25 LaTeX kernel commands for general use (HO)
) (/usr/local/texlive/2022/texmf-dist/tex/generic/pdftexcmds/pdftexcmds.sty
Package: pdftexcmds 2020-06-27 v0.33 Utility functions of pdfTeX for LuaTeX (HO)
 (/usr/local/texlive/2022/texmf-dist/tex/generic/infwarerr/infwarerr.sty
Package: infwarerr 2019/12/03 v1.5 Providing info/warning/error messages (HO)
)
Package pdftexcmds Info: \pdf@primitive is available.
Package pdftexcmds Info: \pdf@ifprimitive is available.
Package pdftexcmds Info: \pdfdraftmode found.
) (/usr/local/texlive/2022/texmf-dist/tex/generic/kvsetkeys/kvsetkeys.sty
Package: kvsetkeys 2019/12/15 v1.18 Key value parser (HO)
) (/usr/local/texlive/2022/texmf-dist/tex/generic/kvdefinekeys/kvdefinekeys.sty
Package: kvdefinekeys 2019-12-19 v1.6 Define keys (HO)
) (/usr/local/texlive/2022/texmf-dist/tex/generic/pdfescape/pdfescape.sty
Package: pdfescape 2019/12/09 v1.15 Implements pdfTeX's escape features (HO)
) (/usr/local/texlive/2022/texmf-dist/tex/latex/hycolor/hycolor.sty
Package: hycolor 2020-01-27 v1.10 Color options for hyperref/bookmark (HO)
) (/usr/local/texlive/2022/texmf-dist/tex/latex/letltxmacro/letltxmacro.sty
Package: letltxmacro 2019/12/03 v1.6 Let assignment for LaTeX macros (HO)
) (/usr/local/texlive/2022/texmf-dist/tex/latex/auxhook/auxhook.sty
Package: auxhook 2019-12-17 v1.6 Hooks for auxiliary files (HO)
) (/usr/local/texlive/2022/texmf-dist/tex/latex/kvoptions/kvoptions.sty
Package: kvoptions 2020-10-07 v3.14 Key value format for package options (HO)
)
\@linkdim=\dimen161
\Hy@linkcounter=\count300
\Hy@pagecounter=\count301
 (/usr/local/texlive/2022/texmf-dist/tex/latex/hyperref/pd1enc.def
File: pd1enc.def 2022-02-21 v7.00n Hyperref: PDFDocEncoding definition (HO)
Now handling font encoding PD1 ...
... no UTF-8 mapping file for font encoding PD1
) (/usr/local/texlive/2022/texmf-dist/tex/generic/intcalc/intcalc.sty
Package: intcalc 2019/12/15 v1.3 Expandable calculations with integers (HO)
) (/usr/local/texlive/2022/texmf-dist/tex/generic/etexcmds/etexcmds.sty
Package: etexcmds 2019/12/15 v1.7 Avoid name clashes with e-TeX commands (HO)
)
\Hy@SavedSpaceFactor=\count302
 (/usr/local/texlive/2022/texmf-dist/tex/latex/hyperref/puenc.def
File: puenc.def 2022-02-21 v7.00n Hyperref: PDF Unicode definition (HO)
Now handling font encoding PU ...
... no UTF-8 mapping file for font encoding PU
)
Package hyperref Info: Hyper figures OFF on input line 4137.
Package hyperref Info: Link nesting OFF on input line 4142.
Package hyperref Info: Hyper index ON on input line 4145.
Package hyperref Info: Plain pages OFF on input line 4152.
Package hyperref Info: Backreferencing OFF on input line 4157.
Package hyperref Info: Implicit mode ON; LaTeX internals redefined.
Package hyperref Info: Bookmarks ON on input line 4390.
\c@Hy@tempcnt=\count303
 (/usr/local/texlive/2022/texmf-dist/tex/latex/url/url.sty
\Urlmuskip=\muskip16
Package: url 2013/09/16  ver 3.4  Verb mode for urls, etc.
)
LaTeX Info: Redefining \url on input line 4749.
\XeTeXLinkMargin=\dimen162
 (/usr/local/texlive/2022/texmf-dist/tex/generic/bitset/bitset.sty
Package: bitset 2019/12/09 v1.3 Handle bit-vector datatype (HO)
 (/usr/local/texlive/2022/texmf-dist/tex/generic/bigintcalc/bigintcalc.sty
Package: bigintcalc 2019/12/15 v1.5 Expandable calculations on big integers (HO)
))
\Fld@menulength=\count304
\Field@Width=\dimen163
\Fld@charsize=\dimen164
Package hyperref Info: Hyper figures OFF on input line 6027.
Package hyperref Info: Link nesting OFF on input line 6032.
Package hyperref Info: Hyper index ON on input line 6035.
Package hyperref Info: backreferencing OFF on input line 6042.
Package hyperref Info: Link coloring OFF on input line 6047.
Package hyperref Info: Link coloring with OCG OFF on input line 6052.
Package hyperref Info: PDF/A mode OFF on input line 6057.
LaTeX Info: Redefining \ref on input line 6097.
LaTeX Info: Redefining \pageref on input line 6101.
 (/usr/local/texlive/2022/texmf-dist/tex/latex/base/atbegshi-ltx.sty
Package: atbegshi-ltx 2021/01/10 v1.0c Emulation of the original atbegshi
package with kernel methods
)
\Hy@abspage=\count305
\c@Item=\count306
\c@Hfootnote=\count307
)
Package hyperref Info: Driver (autodetected): hpdftex.
 (/usr/local/texlive/2022/texmf-dist/tex/latex/hyperref/hpdftex.def
File: hpdftex.def 2022-02-21 v7.00n Hyperref driver for pdfTeX
 (/usr/local/texlive/2022/texmf-dist/tex/latex/base/atveryend-ltx.sty
Package: atveryend-ltx 2020/08/19 v1.0a Emulation of the original atveryend package
with kernel methods
)
\Fld@listcount=\count308
\c@bookmark@seq@number=\count309
 (/usr/local/texlive/2022/texmf-dist/tex/latex/rerunfilecheck/rerunfilecheck.sty
Package: rerunfilecheck 2019/12/05 v1.9 Rerun checks for auxiliary files (HO)
 (/usr/local/texlive/2022/texmf-dist/tex/generic/uniquecounter/uniquecounter.sty
Package: uniquecounter 2019/12/15 v1.4 Provide unlimited unique counter (HO)
)
Package uniquecounter Info: New unique counter `rerunfilecheck' on input line 286.
)
\Hy@SectionHShift=\skip55
)
Package hyperref Info: Option `colorlinks' set `true' on input line 23.
 (./Report.aux)
\openout1 = `Report.aux'.

LaTeX Font Info:    Checking defaults for OML/cmm/m/it on input line 38.
LaTeX Font Info:    ... okay on input line 38.
LaTeX Font Info:    Checking defaults for OMS/cmsy/m/n on input line 38.
LaTeX Font Info:    ... okay on input line 38.
LaTeX Font Info:    Checking defaults for OT1/cmr/m/n on input line 38.
LaTeX Font Info:    ... okay on input line 38.
LaTeX Font Info:    Checking defaults for T1/cmr/m/n on input line 38.
LaTeX Font Info:    ... okay on input line 38.
LaTeX Font Info:    Checking defaults for TS1/cmr/m/n on input line 38.
LaTeX Font Info:    ... okay on input line 38.
LaTeX Font Info:    Checking defaults for OMX/cmex/m/n on input line 38.
LaTeX Font Info:    ... okay on input line 38.
LaTeX Font Info:    Checking defaults for U/cmr/m/n on input line 38.
LaTeX Font Info:    ... okay on input line 38.
LaTeX Font Info:    Checking defaults for PD1/pdf/m/n on input line 38.
LaTeX Font Info:    ... okay on input line 38.
LaTeX Font Info:    Checking defaults for PU/pdf/m/n on input line 38.
LaTeX Font Info:    ... okay on input line 38.
 (/usr/local/texlive/2022/texmf-dist/tex/context/base/mkii/supp-pdf.mkii
[Loading MPS to PDF converter (version 2006.09.02).]
\scratchcounter=\count310
\scratchdimen=\dimen165
\scratchbox=\box55
\nofMPsegments=\count311
\nofMParguments=\count312
\everyMPshowfont=\toks23
\MPscratchCnt=\count313
\MPscratchDim=\dimen166
\MPnumerator=\count314
\makeMPintoPDFobject=\count315
\everyMPtoPDFconversion=\toks24
) (/usr/local/texlive/2022/texmf-dist/tex/latex/epstopdf-pkg/epstopdf-base.sty
Package: epstopdf-base 2020-01-24 v2.11 Base part for package epstopdf
Package epstopdf-base Info: Redefining graphics rule for `.eps' on input line 485.
 (/usr/local/texlive/2022/texmf-dist/tex/latex/latexconfig/epstopdf-sys.cfg
File: epstopdf-sys.cfg 2010/07/13 v1.3 Configuration of (r)epstopdf for TeX Live
))
*geometry* driver: auto-detecting
*geometry* detected driver: pdftex
*geometry* verbose mode - [ preamble ] result:
* driver: pdftex
* paper: a4paper
* layout: <same size as paper>
* layoutoffset:(h,v)=(0.0pt,0.0pt)
* modes: 
* h-part:(L,W,R)=(72.26997pt, 452.96793pt, 72.26997pt)
* v-part:(T,H,B)=(72.26997pt, 700.5069pt, 72.26997pt)
* \paperwidth=597.50787pt
* \paperheight=845.04684pt
* \textwidth=452.96793pt
* \textheight=700.5069pt
* \oddsidemargin=-0.00002pt
* \evensidemargin=-0.00002pt
* \topmargin=-37.00002pt
* \headheight=12.0pt
* \headsep=25.0pt
* \topskip=10.0pt
* \footskip=30.0pt
* \marginparwidth=57.0pt
* \marginparsep=11.0pt
* \columnsep=10.0pt
* \skip\footins=9.0pt plus 4.0pt minus 2.0pt
* \hoffset=0.0pt
* \voffset=0.0pt
* \mag=1000
* \@twocolumnfalse
* \@twosidefalse
* \@mparswitchfalse
* \@reversemarginfalse
* (1in=72.27pt=25.4mm, 1cm=28.453pt)

Package caption Info: Begin \AtBeginDocument code.
Package caption Info: float package is loaded.
Package caption Info: hyperref package is loaded.
Package caption Info: listings package is loaded.
Package caption Info: End \AtBeginDocument code.
\c@lstlisting=\count316
Package hyperref Info: Link coloring ON on input line 38.
(/usr/local/texlive/2022/texmf-dist/tex/latex/hyperref/nameref.sty
Package: nameref 2021-04-02 v2.47 Cross-referencing by name of section
 (/usr/local/texlive/2022/texmf-dist/tex/latex/refcount/refcount.sty
Package: refcount 2019/12/15 v3.6 Data extraction from label references (HO)
) (/usr/local/texlive/2022/texmf-dist/tex/generic/gettitlestring/gettitlestring.sty
Package: gettitlestring 2019/12/15 v1.6 Cleanup title references (HO)
)
\c@section@level=\count317
)
LaTeX Info: Redefining \ref on input line 38.
LaTeX Info: Redefining \pageref on input line 38.
LaTeX Info: Redefining \nameref on input line 38.
 (./Report.out) (./Report.out)
\@outlinefile=\write3
\openout3 = `Report.out'.

LaTeX Font Info:    Trying to load font information for U+msa on input line 42.
 (/usr/local/texlive/2022/texmf-dist/tex/latex/amsfonts/umsa.fd
File: umsa.fd 2013/01/14 v3.01 AMS symbols A
)
LaTeX Font Info:    Trying to load font information for U+msb on input line 42.
 (/usr/local/texlive/2022/texmf-dist/tex/latex/amsfonts/umsb.fd
File: umsb.fd 2013/01/14 v3.01 AMS symbols B
) (./Report.toc)
\tf@toc=\write4
\openout4 = `Report.toc'.

 [0

{/usr/local/texlive/2022/texmf-var/fonts/map/pdftex/updmap/pdftex.map}] [1] [2] [3]
<images/table-2.png, id=278, 271.0125pt x 154.5775pt>
File: images/table-2.png Graphic file (type png)
<use images/table-2.png>
Package pdftex.def Info: images/table-2.png  used on input line 202.
(pdftex.def)             Requested size: 174.60115pt x 99.58464pt.
<images/IsValidId-summary.png, id=281, 168.63pt x 82.3075pt>
File: images/IsValidId-summary.png Graphic file (type png)
<use images/IsValidId-summary.png>
Package pdftex.def Info: images/IsValidId-summary.png  used on input line 235.
(pdftex.def)             Requested size: 116.58896pt x 56.9055pt.
 [4 <./images/table-2.png>]
<images/IsValidExecutionTime-summary.png, id=293, 232.87pt x 40.15pt>
File: images/IsValidExecutionTime-summary.png Graphic file (type png)
<use images/IsValidExecutionTime-summary.png>
Package pdftex.def Info: images/IsValidExecutionTime-summary.png  used on input line 243.
(pdftex.def)             Requested size: 165.02971pt x 28.45274pt.
<images/IsValidPriority-summary.png, id=295, 192.72pt x 81.30376pt>
File: images/IsValidPriority-summary.png Graphic file (type png)
<use images/IsValidPriority-summary.png>
Package pdftex.def Info: images/IsValidPriority-summary.png  used on input line 251.
(pdftex.def)             Requested size: 134.8913pt x 56.9055pt.
<images/IsTimeReceived-summary.png, id=297, 227.85126pt x 41.15375pt>
File: images/IsTimeReceived-summary.png Graphic file (type png)
<use images/IsTimeReceived-summary.png>
Package pdftex.def Info: images/IsTimeReceived-summary.png  used on input line 261.
(pdftex.def)             Requested size: 157.5339pt x 28.45274pt.
 [5 <./images/IsValidId-summary.png> <./images/IsValidExecutionTime-summary.png> <./images/IsValidPriority-summary.png> <./images/IsTimeReceived-summary.png>]
<images/JobCollection-data.png, id=310, 363.3575pt x 134.5025pt>
File: images/JobCollection-data.png Graphic file (type png)
<use images/JobCollection-data.png>
Package pdftex.def Info: images/JobCollection-data.png  used on input line 281.
(pdftex.def)             Requested size: 230.59637pt x 85.35826pt.
<images/Add-summary.png, id=312, 141.52875pt x 80.3pt>
File: images/Add-summary.png Graphic file (type png)
<use images/Add-summary.png>
Package pdftex.def Info: images/Add-summary.png  used on input line 293.
(pdftex.def)             Requested size: 100.29822pt x 56.9055pt.
<images/Contains-summary.png, id=314, 192.72pt x 63.23625pt>
File: images/Contains-summary.png Graphic file (type png)
<use images/Contains-summary.png>
Package pdftex.def Info: images/Contains-summary.png  used on input line 303.
(pdftex.def)             Requested size: 130.07155pt x 42.67912pt.
<images/Find-summary.png, id=316, 155.58125pt x 43.16125pt>
File: images/Find-summary.png Graphic file (type png)
<use images/Find-summary.png>
Package pdftex.def Info: images/Find-summary.png  used on input line 311.
(pdftex.def)             Requested size: 102.56285pt x 28.45274pt.
 [6 <./images/JobCollection-data.png> <./images/Add-summary.png> <./images/Contains-summary.png>]
<images/Remove-summary.png, id=334, 144.54pt x 40.15pt>
File: images/Remove-summary.png Graphic file (type png)
<use images/Remove-summary.png>
Package pdftex.def Info: images/Remove-summary.png  used on input line 319.
(pdftex.def)             Requested size: 102.43222pt x 28.45274pt.
<images/ToArray-summary.png, id=336, 127.47626pt x 18.0675pt>
File: images/ToArray-summary.png Graphic file (type png)
<use images/ToArray-summary.png>
Package pdftex.def Info: images/ToArray-summary.png  used on input line 329.
(pdftex.def)             Requested size: 100.37445pt x 14.22636pt.

Overfull \hbox (1.44841pt too wide) in paragraph at lines 334--341
\OT1/cmr/m/n/10 As men-tioned in the be-gin-ning of the re-port, the three al-o-gorithms de-signed were []\OT1/cmtt/m/n/10 FirstComeFirstServed[]\OT1/cmr/m/n/10 ,
 []


Overfull \hbox (7.71985pt too wide) in paragraph at lines 334--341
\OT1/cmr/m/it/10 ceived-Time\OT1/cmr/m/n/10 , \OT1/cmr/m/it/10 ex-e-cu-tion-Time \OT1/cmr/m/n/10 or \OT1/cmr/m/it/10 pri-or-ity\OT1/cmr/m/n/10 , de-pend-ing on whether []\OT1/cmtt/m/n/10 FirstComeFirstServed[]\OT1/cmr/m/n/10 , []\OT1/cmtt/m/n/10 ShortestJobFirst[]
 []


Underfull \hbox (badness 10000) in paragraph at lines 342--344

 []

[7 <./images/Find-summary.png> <./images/Remove-summary.png> <./images/ToArray-summary.png>]
Overfull \hbox (15.55008pt too wide) in paragraph at lines 351--362
\OT1/cmr/m/n/10 ods would not use in-dexes out of the range of the col-lec-tion. This test was named []\OT1/cmtt/m/n/10 collection_capacity_one[]\OT1/cmr/m/n/10 . 
 []

<images/FCFS-data.png, id=348, 514.92375pt x 161.60374pt>
File: images/FCFS-data.png Graphic file (type png)
<use images/FCFS-data.png>
Package pdftex.def Info: images/FCFS-data.png  used on input line 376.
(pdftex.def)             Requested size: 362.63629pt x 113.81102pt.
[8 <./images/FCFS-data.png>]
<images/FCFS-summary.png, id=361, 256.96pt x 126.4725pt>
File: images/FCFS-summary.png Graphic file (type png)
<use images/FCFS-summary.png>
Package pdftex.def Info: images/FCFS-summary.png  used on input line 386.
(pdftex.def)             Requested size: 202.33354pt x 99.58464pt.
<images/SJF-data.png, id=362, 520.94624pt x 163.61125pt>
File: images/SJF-data.png Graphic file (type png)
<use images/SJF-data.png>
Package pdftex.def Info: images/SJF-data.png  used on input line 395.
(pdftex.def)             Requested size: 362.37852pt x 113.81102pt.
<images/SJF-summary.png, id=364, 257.96375pt x 129.48375pt>
File: images/SJF-summary.png Graphic file (type png)
<use images/SJF-summary.png>
Package pdftex.def Info: images/SJF-summary.png  used on input line 404.
(pdftex.def)             Requested size: 198.40439pt x 99.58464pt.
 [9 <./images/FCFS-summary.png> <./images/SJF-data.png> <./images/SJF-summary.png>]
<images/Priority-data.png, id=375, 483.8075pt x 163.61125pt>
File: images/Priority-data.png Graphic file (type png)
<use images/Priority-data.png>
Package pdftex.def Info: images/Priority-data.png  used on input line 413.
(pdftex.def)             Requested size: 336.54422pt x 113.81102pt.
<images/Priority-summary.png, id=377, 252.945pt x 124.465pt>
File: images/Priority-summary.png Graphic file (type png)
<use images/Priority-summary.png>
Package pdftex.def Info: images/Priority-summary.png  used on input line 422.
(pdftex.def)             Requested size: 202.38715pt x 99.58464pt.
 [10 <./images/Priority-data.png> <./images/Priority-summary.png>]
<images/IsValidId.png, id=386, 274.02374pt x 505.89pt>
File: images/IsValidId.png Graphic file (type png)
<use images/IsValidId.png>
Package pdftex.def Info: images/IsValidId.png  used on input line 437.
(pdftex.def)             Requested size: 169.53337pt x 312.9803pt.
<images/IsValidExecutionTime.png, id=387, 434.62375pt x 247.92625pt>
File: images/IsValidExecutionTime.png Graphic file (type png)
<use images/IsValidExecutionTime.png>
Package pdftex.def Info: images/IsValidExecutionTime.png  used on input line 443.
(pdftex.def)             Requested size: 249.39606pt x 142.26378pt.
<images/IsValidPriority.png, id=388, 345.29pt x 502.87875pt>
File: images/IsValidPriority.png Graphic file (type png)
<use images/IsValidPriority.png>
Package pdftex.def Info: images/IsValidPriority.png  used on input line 449.
(pdftex.def)             Requested size: 214.89949pt x 312.9803pt.
 [11 <./images/IsValidId.png> <./images/IsValidExecutionTime.png>]
<images/IsTimeReceived.png, id=397, 368.37625pt x 246.9225pt>
File: images/IsTimeReceived.png Graphic file (type png)
<use images/IsTimeReceived.png>
Package pdftex.def Info: images/IsTimeReceived.png  used on input line 455.
(pdftex.def)             Requested size: 212.23625pt x 142.26378pt.
<images/Add.png, id=398, 589.20125pt x 554.07pt>
File: images/Add.png Graphic file (type png)
<use images/Add.png>
Package pdftex.def Info: images/Add.png  used on input line 463.
(pdftex.def)             Requested size: 332.8274pt x 312.9803pt.
 [12 <./images/IsValidPriority.png> <./images/IsTimeReceived.png>]
<images/Contains.png, id=408, 595.22375pt x 457.71pt>
File: images/Contains.png Graphic file (type png)
<use images/Contains.png>
Package pdftex.def Info: images/Contains.png  used on input line 469.
(pdftex.def)             Requested size: 333.02332pt x 256.0748pt.
 [13 <./images/Add.png>]
<images/Find.png, id=415, 596.2275pt x 214.8025pt>
File: images/Find.png Graphic file (type png)
<use images/Find.png>
Package pdftex.def Info: images/Find.png  used on input line 475.
(pdftex.def)             Requested size: 355.40115pt x 128.0374pt.
<images/Remove.png, id=416, 600.2425pt x 314.17375pt>
File: images/Remove.png Graphic file (type png)
<use images/Remove.png>
Package pdftex.def Info: images/Remove.png  used on input line 481.
(pdftex.def)             Requested size: 326.15941pt x 170.71652pt.
 [14 <./images/Contains.png> <./images/Find.png>]
<images/ToArray.png, id=425, 627.34375pt x 247.92625pt>
File: images/ToArray.png Graphic file (type png)
<use images/ToArray.png>
Package pdftex.def Info: images/ToArray.png  used on input line 487.
(pdftex.def)             Requested size: 359.98277pt x 142.26378pt.
<images/FCFS-unique_jobs_in_a_full_collection.png, id=426, 426.59375pt x 344.28625pt>
File: images/FCFS-unique_jobs_in_a_full_collection.png Graphic file (type png)
<use images/FCFS-unique_jobs_in_a_full_collection.png>
Package pdftex.def Info: images/FCFS-unique_jobs_in_a_full_collection.png  used on input line 495.
(pdftex.def)             Requested size: 289.09048pt x 233.3125pt.
 [15 <./images/Remove.png> <./images/ToArray.png>]
File: images/FCFS-unique_jobs_in_a_full_collection.png Graphic file (type png)
<use images/FCFS-unique_jobs_in_a_full_collection.png>
Package pdftex.def Info: images/FCFS-unique_jobs_in_a_full_collection.png  used on input line 500.
(pdftex.def)             Requested size: 289.09048pt x 233.3125pt.
<images/FCFS-common_jobs_in_a_full_collection.png, id=435, 423.5825pt x 343.2825pt>
File: images/FCFS-common_jobs_in_a_full_collection.png Graphic file (type png)
<use images/FCFS-common_jobs_in_a_full_collection.png>
Package pdftex.def Info: images/FCFS-common_jobs_in_a_full_collection.png  used on input line 505.
(pdftex.def)             Requested size: 287.88364pt x 233.3125pt.
 [16 <./images/FCFS-unique_jobs_in_a_full_collection.png>]
<images/FCFS-common_jobs_in_a_partial_collection.png, id=443, 429.605pt x 316.18124pt>
File: images/FCFS-common_jobs_in_a_partial_collection.png Graphic file (type png)
<use images/FCFS-common_jobs_in_a_partial_collection.png>
Package pdftex.def Info: images/FCFS-common_jobs_in_a_partial_collection.png  used on input line 510.
(pdftex.def)             Requested size: 317.0112pt x 233.3125pt.
<images/FCFS-collection_capacity_one.png, id=444, 429.605pt x 264.99pt>
File: images/FCFS-collection_capacity_one.png Graphic file (type png)
<use images/FCFS-collection_capacity_one.png>
Package pdftex.def Info: images/FCFS-collection_capacity_one.png  used on input line 515.
(pdftex.def)             Requested size: 276.76862pt x 170.71652pt.
 [17 <./images/FCFS-common_jobs_in_a_full_collection.png> <./images/FCFS-common_jobs_in_a_partial_collection.png>]
<images/SJF-unique_jobs_in_a_full_collection.png, id=454, 415.5525pt x 344.28625pt>
File: images/SJF-unique_jobs_in_a_full_collection.png Graphic file (type png)
<use images/SJF-unique_jobs_in_a_full_collection.png>
Package pdftex.def Info: images/SJF-unique_jobs_in_a_full_collection.png  used on input line 521.
(pdftex.def)             Requested size: 281.60815pt x 233.3125pt.
<images/SJF-unique_jobs_in_a_partial_collection.png, id=455, 416.55624pt x 316.18124pt>
File: images/SJF-unique_jobs_in_a_partial_collection.png Graphic file (type png)
<use images/SJF-unique_jobs_in_a_partial_collection.png>
Package pdftex.def Info: images/SJF-unique_jobs_in_a_partial_collection.png  used on input line 526.
(pdftex.def)             Requested size: 337.38963pt x 256.0748pt.
 [18 <./images/FCFS-collection_capacity_one.png> <./images/SJF-unique_jobs_in_a_full_collection.png>]
<images/SJF-common_jobs_in_a_full_collection.png, id=465, 420.57124pt x 346.29375pt>
File: images/SJF-common_jobs_in_a_full_collection.png Graphic file (type png)
<use images/SJF-common_jobs_in_a_full_collection.png>
Package pdftex.def Info: images/SJF-common_jobs_in_a_full_collection.png  used on input line 531.
(pdftex.def)             Requested size: 311.00607pt x 256.0748pt.
<images/SJF-common_jobs_in_a_partial_collection.png, id=466, 419.5675pt x 316.18124pt>
File: images/SJF-common_jobs_in_a_partial_collection.png Graphic file (type png)
<use images/SJF-common_jobs_in_a_partial_collection.png>
Package pdftex.def Info: images/SJF-common_jobs_in_a_partial_collection.png  used on input line 536.
(pdftex.def)             Requested size: 309.6044pt x 233.3125pt.
 [19 <./images/SJF-unique_jobs_in_a_partial_collection.png> <./images/SJF-common_jobs_in_a_full_collection.png>]
<images/SJF-collection_capacity_one.png, id=475, 419.5675pt x 266.9975pt>
File: images/SJF-collection_capacity_one.png Graphic file (type png)
<use images/SJF-collection_capacity_one.png>
Package pdftex.def Info: images/SJF-collection_capacity_one.png  used on input line 541.
(pdftex.def)             Requested size: 268.27899pt x 170.71652pt.
<images/Priority-unique_jobs_in_a_full_collection.png, id=476, 416.55624pt x 345.29pt>
File: images/Priority-unique_jobs_in_a_full_collection.png Graphic file (type png)
<use images/Priority-unique_jobs_in_a_full_collection.png>
Package pdftex.def Info: images/Priority-unique_jobs_in_a_full_collection.png  used on input line 547.
(pdftex.def)             Requested size: 281.46841pt x 233.3125pt.
 [20 <./images/SJF-common_jobs_in_a_partial_collection.png> <./images/SJF-collection_capacity_one.png>]
<images/Priority-unique_jobs_in_a_partial_collection.png, id=485, 416.55624pt x 319.1925pt>
File: images/Priority-unique_jobs_in_a_partial_collection.png Graphic file (type png)
<use images/Priority-unique_jobs_in_a_partial_collection.png>
Package pdftex.def Info: images/Priority-unique_jobs_in_a_partial_collection.png  used on input line 552.
(pdftex.def)             Requested size: 334.18614pt x 256.0748pt.
<images/Priority-common_jobs_in_a_full_collection.png, id=486, 417.56pt x 343.2825pt>
File: images/Priority-common_jobs_in_a_full_collection.png Graphic file (type png)
<use images/Priority-common_jobs_in_a_full_collection.png>
Package pdftex.def Info: images/Priority-common_jobs_in_a_full_collection.png  used on input line 557.
(pdftex.def)             Requested size: 311.48077pt x 256.0748pt.
 [21 <./images/Priority-unique_jobs_in_a_full_collection.png> <./images/Priority-unique_jobs_in_a_partial_collection.png>]
<images/Priority-common_jobs_in_a_partial_collection.png, id=495, 419.5675pt x 319.1925pt>
File: images/Priority-common_jobs_in_a_partial_collection.png Graphic file (type png)
<use images/Priority-common_jobs_in_a_partial_collection.png>
Package pdftex.def Info: images/Priority-common_jobs_in_a_partial_collection.png  used on input line 562.
(pdftex.def)             Requested size: 306.68506pt x 233.3125pt.
<images/Priority-collection_capacity_one.png, id=496, 422.57875pt x 265.99374pt>
File: images/Priority-collection_capacity_one.png Graphic file (type png)
<use images/Priority-collection_capacity_one.png>
Package pdftex.def Info: images/Priority-collection_capacity_one.png  used on input line 567.
(pdftex.def)             Requested size: 271.21678pt x 170.71652pt.
 [22 <./images/Priority-common_jobs_in_a_full_collection.png> <./images/Priority-common_jobs_in_a_partial_collection.png>] [23 <./images/Priority-collection_capacity_one.png>] (./Report.aux)
Package rerunfilecheck Info: File `Report.out' has not changed.
(rerunfilecheck)             Checksum: 0A60BF5BE2D7D0EA016855026A9734F0;7693.
 ) 
Here is how much of TeX's memory you used:
 13721 strings out of 478268
 224479 string characters out of 5846348
 522268 words of memory out of 5000000
 31595 multiletter control sequences out of 15000+600000
 477935 words of font info for 62 fonts, out of 8000000 for 9000
 1141 hyphenation exceptions out of 8191
 60i,7n,63p,988b,475s stack positions out of 10000i,1000n,20000p,200000b,200000s
</usr/local/texlive/2022/texmf-dist/fonts/type1/public/amsfonts/cm/cmbx10.pfb></usr/local/texlive/2022/texmf-dist/fonts/type1/public/amsfonts/cm/cmbx12.pfb></usr/local/texlive/2022/texmf-dist/fonts/type1/public/amsfonts/cm/cmex10.pfb></usr/local/texlive/2022/texmf-dist/fonts/type1/public/amsfonts/cm/cmmi10.pfb></usr/local/texlive/2022/texmf-dist/fonts/type1/public/amsfonts/cm/cmmi7.pfb></usr/local/texlive/2022/texmf-dist/fonts/type1/public/amsfonts/cm/cmr10.pfb></usr/local/texlive/2022/texmf-dist/fonts/type1/public/amsfonts/cm/cmr12.pfb></usr/local/texlive/2022/texmf-dist/fonts/type1/public/amsfonts/cm/cmr17.pfb></usr/local/texlive/2022/texmf-dist/fonts/type1/public/amsfonts/cm/cmr7.pfb></usr/local/texlive/2022/texmf-dist/fonts/type1/public/amsfonts/cm/cmr8.pfb></usr/local/texlive/2022/texmf-dist/fonts/type1/public/amsfonts/cm/cmsy10.pfb></usr/local/texlive/2022/texmf-dist/fonts/type1/public/amsfonts/cm/cmsy7.pfb></usr/local/texlive/2022/texmf-dist/fonts/type1/public/amsfonts/cm/cmti10.pfb></usr/local/texlive/2022/texmf-dist/fonts/type1/public/amsfonts/cm/cmtt10.pfb>
Output written on Report.pdf (24 pages, 3603999 bytes).
PDF statistics:
 600 PDF objects out of 1000 (max. 8388607)
 461 compressed objects within 5 object streams
 128 named destinations out of 1000 (max. 500000)
 585 words of extra memory for PDF output out of 10000 (max. 10000000)

