This is pdfTeX, Version 3.141592653-2.6-1.40.24 (TeX Live 2022) (preloaded format=pdflatex 2022.6.7)  7 MAY 2023 23:30
entering extended mode
 restricted \write18 enabled.
 file:line:error style messages enabled.
 %&-line parsing enabled.
**"/Users/shridhar/Library/CloudStorage/OneDrive-QueenslandUniversityofTechnology/Bachelor of Mathematics and Information Technology/Year 4/CAB301 Algorithms/Assignment 2/Report/Report.tex"
(/Users/shridhar/Library/CloudStorage/OneDrive-QueenslandUniversityofTechnology/Bachelor of Mathematics and Information Technology/Year 4/CAB301 Algorithms/Assignment 2/Report/Report.tex
LaTeX2e <2021-11-15> patch level 1
L3 programming layer <2022-02-24> (/usr/local/texlive/2022/texmf-dist/tex/latex/base/article.cls
Document Class: article 2021/10/04 v1.4n Standard LaTeX document class
(/usr/local/texlive/2022/texmf-dist/tex/latex/base/size10.clo
File: size10.clo 2021/10/04 v1.4n Standard LaTeX file (size option)
)
\c@part=\count185
\c@section=\count186
\c@subsection=\count187
\c@subsubsection=\count188
\c@paragraph=\count189
\c@subparagraph=\count190
\c@figure=\count191
\c@table=\count192
\abovecaptionskip=\skip47
\belowcaptionskip=\skip48
\bibindent=\dimen138
) (/usr/local/texlive/2022/texmf-dist/tex/latex/float/float.sty
Package: float 2001/11/08 v1.3d Float enhancements (AL)
\c@float@type=\count193
\float@exts=\toks16
\float@box=\box50
\@float@everytoks=\toks17
\@floatcapt=\box51
) (/usr/local/texlive/2022/texmf-dist/tex/latex/adjustbox/adjustbox.sty
Package: adjustbox 2020/08/19 v1.3 Adjusting TeX boxes (trim, clip, ...)
 (/usr/local/texlive/2022/texmf-dist/tex/latex/xkeyval/xkeyval.sty
Package: xkeyval 2020/11/20 v2.8 package option processing (HA)
 (/usr/local/texlive/2022/texmf-dist/tex/generic/xkeyval/xkeyval.tex (/usr/local/texlive/2022/texmf-dist/tex/generic/xkeyval/xkvutils.tex
\XKV@toks=\toks18
\XKV@tempa@toks=\toks19
 (/usr/local/texlive/2022/texmf-dist/tex/generic/xkeyval/keyval.tex))
\XKV@depth=\count194
File: xkeyval.tex 2014/12/03 v2.7a key=value parser (HA)
)) (/usr/local/texlive/2022/texmf-dist/tex/latex/adjustbox/adjcalc.sty
Package: adjcalc 2012/05/16 v1.1 Provides advanced setlength with multiple back-ends (calc, etex, pgfmath)
) (/usr/local/texlive/2022/texmf-dist/tex/latex/adjustbox/trimclip.sty
Package: trimclip 2020/08/19 v1.2 Trim and clip general TeX material
 (/usr/local/texlive/2022/texmf-dist/tex/latex/graphics/graphicx.sty
Package: graphicx 2021/09/16 v1.2d Enhanced LaTeX Graphics (DPC,SPQR)
 (/usr/local/texlive/2022/texmf-dist/tex/latex/graphics/graphics.sty
Package: graphics 2021/03/04 v1.4d Standard LaTeX Graphics (DPC,SPQR)
 (/usr/local/texlive/2022/texmf-dist/tex/latex/graphics/trig.sty
Package: trig 2021/08/11 v1.11 sin cos tan (DPC)
) (/usr/local/texlive/2022/texmf-dist/tex/latex/graphics-cfg/graphics.cfg
File: graphics.cfg 2016/06/04 v1.11 sample graphics configuration
)
Package graphics Info: Driver file: pdftex.def on input line 107.
 (/usr/local/texlive/2022/texmf-dist/tex/latex/graphics-def/pdftex.def
File: pdftex.def 2020/10/05 v1.2a Graphics/color driver for pdftex
))
\Gin@req@height=\dimen139
\Gin@req@width=\dimen140
) (/usr/local/texlive/2022/texmf-dist/tex/latex/collectbox/collectbox.sty
Package: collectbox 2012/05/17 v0.4b Collect macro arguments as boxes
\collectedbox=\box52
)
\tc@llx=\dimen141
\tc@lly=\dimen142
\tc@urx=\dimen143
\tc@ury=\dimen144
Package trimclip Info: Using driver 'tc-pdftex.def'.
 (/usr/local/texlive/2022/texmf-dist/tex/latex/adjustbox/tc-pdftex.def
File: tc-pdftex.def 2019/01/04 v2.2 Clipping driver for pdftex
))
\adjbox@Width=\dimen145
\adjbox@Height=\dimen146
\adjbox@Depth=\dimen147
\adjbox@Totalheight=\dimen148
\adjbox@pwidth=\dimen149
\adjbox@pheight=\dimen150
\adjbox@pdepth=\dimen151
\adjbox@ptotalheight=\dimen152
 (/usr/local/texlive/2022/texmf-dist/tex/latex/ifoddpage/ifoddpage.sty
Package: ifoddpage 2016/04/23 v1.1 Conditionals for odd/even page detection
\c@checkoddpage=\count195
) (/usr/local/texlive/2022/texmf-dist/tex/latex/varwidth/varwidth.sty
Package: varwidth 2009/03/30 ver 0.92;  Variable-width minipages
\@vwid@box=\box53
\sift@deathcycles=\count196
\@vwid@loff=\dimen153
\@vwid@roff=\dimen154
)) (/usr/local/texlive/2022/texmf-dist/tex/latex/wrapfig/wrapfig.sty
\wrapoverhang=\dimen155
\WF@size=\dimen156
\c@WF@wrappedlines=\count197
\WF@box=\box54
\WF@everypar=\toks20
Package: wrapfig 2003/01/31  v 3.6
) (/usr/local/texlive/2022/texmf-dist/tex/latex/amsfonts/amsfonts.sty
Package: amsfonts 2013/01/14 v3.01 Basic AMSFonts support
\@emptytoks=\toks21
\symAMSa=\mathgroup4
\symAMSb=\mathgroup5
LaTeX Font Info:    Redeclaring math symbol \hbar on input line 98.
LaTeX Font Info:    Overwriting math alphabet `\mathfrak' in version `bold'
(Font)                  U/euf/m/n --> U/euf/b/n on input line 106.
) (/usr/local/texlive/2022/texmf-dist/tex/latex/amsfonts/amssymb.sty
Package: amssymb 2013/01/14 v3.01 AMS font symbols
) (/usr/local/texlive/2022/texmf-dist/tex/latex/xcolor/xcolor.sty
Package: xcolor 2021/10/31 v2.13 LaTeX color extensions (UK)
 (/usr/local/texlive/2022/texmf-dist/tex/latex/graphics-cfg/color.cfg
File: color.cfg 2016/01/02 v1.6 sample color configuration
)
Package xcolor Info: Driver file: pdftex.def on input line 227.
Package xcolor Info: Model `cmy' substituted by `cmy0' on input line 1352.
Package xcolor Info: Model `hsb' substituted by `rgb' on input line 1356.
Package xcolor Info: Model `RGB' extended on input line 1368.
Package xcolor Info: Model `HTML' substituted by `rgb' on input line 1370.
Package xcolor Info: Model `Hsb' substituted by `hsb' on input line 1371.
Package xcolor Info: Model `tHsb' substituted by `hsb' on input line 1372.
Package xcolor Info: Model `HSB' substituted by `hsb' on input line 1373.
Package xcolor Info: Model `Gray' substituted by `gray' on input line 1374.
Package xcolor Info: Model `wave' substituted by `hsb' on input line 1375.
) (/usr/local/texlive/2022/texmf-dist/tex/latex/geometry/geometry.sty
Package: geometry 2020/01/02 v5.9 Page Geometry
 (/usr/local/texlive/2022/texmf-dist/tex/generic/iftex/ifvtex.sty
Package: ifvtex 2019/10/25 v1.7 ifvtex legacy package. Use iftex instead.
 (/usr/local/texlive/2022/texmf-dist/tex/generic/iftex/iftex.sty
Package: iftex 2022/02/03 v1.0f TeX engine tests
))
\Gm@cnth=\count198
\Gm@cntv=\count199
\c@Gm@tempcnt=\count266
\Gm@bindingoffset=\dimen157
\Gm@wd@mp=\dimen158
\Gm@odd@mp=\dimen159
\Gm@even@mp=\dimen160
\Gm@layoutwidth=\dimen161
\Gm@layoutheight=\dimen162
\Gm@layouthoffset=\dimen163
\Gm@layoutvoffset=\dimen164
\Gm@dimlist=\toks22
) (/usr/local/texlive/2022/texmf-dist/tex/latex/titling/titling.sty
Package: titling 2009/09/04 v2.1d maketitle typesetting
\thanksmarkwidth=\skip49
\thanksmargin=\skip50
\droptitle=\skip51
) (/usr/local/texlive/2022/texmf-dist/tex/latex/caption/caption.sty
Package: caption 2022/03/01 v3.6b Customizing captions (AR)
 (/usr/local/texlive/2022/texmf-dist/tex/latex/caption/caption3.sty
Package: caption3 2022/03/17 v2.3b caption3 kernel (AR)
\caption@tempdima=\dimen165
\captionmargin=\dimen166
\caption@leftmargin=\dimen167
\caption@rightmargin=\dimen168
\caption@width=\dimen169
\caption@indent=\dimen170
\caption@parindent=\dimen171
\caption@hangindent=\dimen172
Package caption Info: Standard document class detected.
)
\c@caption@flags=\count267
\c@continuedfloat=\count268
Package caption Info: float package is loaded.
Package caption Info: wrapfig package is loaded.
) (/usr/local/texlive/2022/texmf-dist/tex/latex/algorithms/algorithm.sty
Package: algorithm 2009/08/24 v0.1 Document Style `algorithm' - floating environment
 (/usr/local/texlive/2022/texmf-dist/tex/latex/base/ifthen.sty
Package: ifthen 2020/11/24 v1.1c Standard LaTeX ifthen package (DPC)
)
\@float@every@algorithm=\toks23
\c@algorithm=\count269
) (/usr/local/texlive/2022/texmf-dist/tex/latex/algorithmicx/algpseudocode.sty
Package: algpseudocode 
 (/usr/local/texlive/2022/texmf-dist/tex/latex/algorithmicx/algorithmicx.sty
Package: algorithmicx 2005/04/27 v1.2 Algorithmicx

Document Style algorithmicx 1.2 - a greatly improved `algorithmic' style
\c@ALG@line=\count270
\c@ALG@rem=\count271
\c@ALG@nested=\count272
\ALG@tlm=\skip52
\ALG@thistlm=\skip53
\c@ALG@Lnr=\count273
\c@ALG@blocknr=\count274
\c@ALG@storecount=\count275
\c@ALG@tmpcounter=\count276
\ALG@tmplength=\skip54
)
Document Style - pseudocode environments for use with the `algorithmicx' style
) (/usr/local/texlive/2022/texmf-dist/tex/latex/listings/listings.sty
\lst@mode=\count277
\lst@gtempboxa=\box55
\lst@token=\toks24
\lst@length=\count278
\lst@currlwidth=\dimen173
\lst@column=\count279
\lst@pos=\count280
\lst@lostspace=\dimen174
\lst@width=\dimen175
\lst@newlines=\count281
\lst@lineno=\count282
\lst@maxwidth=\dimen176
 (/usr/local/texlive/2022/texmf-dist/tex/latex/listings/lstmisc.sty
File: lstmisc.sty 2020/03/24 1.8d (Carsten Heinz)
\c@lstnumber=\count283
\lst@skipnumbers=\count284
\lst@framebox=\box56
) (/usr/local/texlive/2022/texmf-dist/tex/latex/listings/listings.cfg
File: listings.cfg 2020/03/24 1.8d listings configuration
))
Package: listings 2020/03/24 1.8d (Carsten Heinz)
 (/usr/local/texlive/2022/texmf-dist/tex/latex/l3packages/xparse/xparse.sty (/usr/local/texlive/2022/texmf-dist/tex/latex/l3kernel/expl3.sty
Package: expl3 2022-02-24 L3 programming layer (loader) 
 (/usr/local/texlive/2022/texmf-dist/tex/latex/l3backend/l3backend-pdftex.def
File: l3backend-pdftex.def 2022-02-07 L3 backend support: PDF output (pdfTeX)
\l__color_backend_stack_int=\count285
\l__pdf_internal_box=\box57
))
Package: xparse 2022-01-12 L3 Experimental document command parser
) (/usr/local/texlive/2022/texmf-dist/tex/latex/blindtext/blindtext.sty
Package: blindtext 2012/01/06 V2.0 blindtext-Package
 (/usr/local/texlive/2022/texmf-dist/tex/latex/tools/xspace.sty
Package: xspace 2014/10/28 v1.13 Space after command names (DPC,MH)
)
\c@blindtext=\count286
\c@Blindtext=\count287
\c@blind@countparstart=\count288
\blind@countxx=\count289
\blindtext@numBlindtext=\count290
\blind@countyy=\count291
\c@blindlist=\count292
\c@blindlistlevel=\count293
\c@blindlist@level=\count294
\blind@listitem=\count295
\c@blind@listcount=\count296
\c@blind@levelcount=\count297
\blind@mathformula=\count298
\blind@Mathformula=\count299
\c@blind@randomcount=\count300
\c@blind@randommax=\count301
\c@blind@pangramcount=\count302
\c@blind@pangrammax=\count303
) (/usr/local/texlive/2022/texmf-dist/tex/latex/hyperref/hyperref.sty
Package: hyperref 2022-02-21 v7.00n Hypertext links for LaTeX
 (/usr/local/texlive/2022/texmf-dist/tex/generic/ltxcmds/ltxcmds.sty
Package: ltxcmds 2020-05-10 v1.25 LaTeX kernel commands for general use (HO)
) (/usr/local/texlive/2022/texmf-dist/tex/generic/pdftexcmds/pdftexcmds.sty
Package: pdftexcmds 2020-06-27 v0.33 Utility functions of pdfTeX for LuaTeX (HO)
 (/usr/local/texlive/2022/texmf-dist/tex/generic/infwarerr/infwarerr.sty
Package: infwarerr 2019/12/03 v1.5 Providing info/warning/error messages (HO)
)
Package pdftexcmds Info: \pdf@primitive is available.
Package pdftexcmds Info: \pdf@ifprimitive is available.
Package pdftexcmds Info: \pdfdraftmode found.
) (/usr/local/texlive/2022/texmf-dist/tex/generic/kvsetkeys/kvsetkeys.sty
Package: kvsetkeys 2019/12/15 v1.18 Key value parser (HO)
) (/usr/local/texlive/2022/texmf-dist/tex/generic/kvdefinekeys/kvdefinekeys.sty
Package: kvdefinekeys 2019-12-19 v1.6 Define keys (HO)
) (/usr/local/texlive/2022/texmf-dist/tex/generic/pdfescape/pdfescape.sty
Package: pdfescape 2019/12/09 v1.15 Implements pdfTeX's escape features (HO)
) (/usr/local/texlive/2022/texmf-dist/tex/latex/hycolor/hycolor.sty
Package: hycolor 2020-01-27 v1.10 Color options for hyperref/bookmark (HO)
) (/usr/local/texlive/2022/texmf-dist/tex/latex/letltxmacro/letltxmacro.sty
Package: letltxmacro 2019/12/03 v1.6 Let assignment for LaTeX macros (HO)
) (/usr/local/texlive/2022/texmf-dist/tex/latex/auxhook/auxhook.sty
Package: auxhook 2019-12-17 v1.6 Hooks for auxiliary files (HO)
) (/usr/local/texlive/2022/texmf-dist/tex/latex/kvoptions/kvoptions.sty
Package: kvoptions 2020-10-07 v3.14 Key value format for package options (HO)
)
\@linkdim=\dimen177
\Hy@linkcounter=\count304
\Hy@pagecounter=\count305
 (/usr/local/texlive/2022/texmf-dist/tex/latex/hyperref/pd1enc.def
File: pd1enc.def 2022-02-21 v7.00n Hyperref: PDFDocEncoding definition (HO)
Now handling font encoding PD1 ...
... no UTF-8 mapping file for font encoding PD1
) (/usr/local/texlive/2022/texmf-dist/tex/generic/intcalc/intcalc.sty
Package: intcalc 2019/12/15 v1.3 Expandable calculations with integers (HO)
) (/usr/local/texlive/2022/texmf-dist/tex/generic/etexcmds/etexcmds.sty
Package: etexcmds 2019/12/15 v1.7 Avoid name clashes with e-TeX commands (HO)
)
\Hy@SavedSpaceFactor=\count306
 (/usr/local/texlive/2022/texmf-dist/tex/latex/hyperref/puenc.def
File: puenc.def 2022-02-21 v7.00n Hyperref: PDF Unicode definition (HO)
Now handling font encoding PU ...
... no UTF-8 mapping file for font encoding PU
)
Package hyperref Info: Hyper figures OFF on input line 4137.
Package hyperref Info: Link nesting OFF on input line 4142.
Package hyperref Info: Hyper index ON on input line 4145.
Package hyperref Info: Plain pages OFF on input line 4152.
Package hyperref Info: Backreferencing OFF on input line 4157.
Package hyperref Info: Implicit mode ON; LaTeX internals redefined.
Package hyperref Info: Bookmarks ON on input line 4390.
\c@Hy@tempcnt=\count307
 (/usr/local/texlive/2022/texmf-dist/tex/latex/url/url.sty
\Urlmuskip=\muskip16
Package: url 2013/09/16  ver 3.4  Verb mode for urls, etc.
)
LaTeX Info: Redefining \url on input line 4749.
\XeTeXLinkMargin=\dimen178
 (/usr/local/texlive/2022/texmf-dist/tex/generic/bitset/bitset.sty
Package: bitset 2019/12/09 v1.3 Handle bit-vector datatype (HO)
 (/usr/local/texlive/2022/texmf-dist/tex/generic/bigintcalc/bigintcalc.sty
Package: bigintcalc 2019/12/15 v1.5 Expandable calculations on big integers (HO)
))
\Fld@menulength=\count308
\Field@Width=\dimen179
\Fld@charsize=\dimen180
Package hyperref Info: Hyper figures OFF on input line 6027.
Package hyperref Info: Link nesting OFF on input line 6032.
Package hyperref Info: Hyper index ON on input line 6035.
Package hyperref Info: backreferencing OFF on input line 6042.
Package hyperref Info: Link coloring OFF on input line 6047.
Package hyperref Info: Link coloring with OCG OFF on input line 6052.
Package hyperref Info: PDF/A mode OFF on input line 6057.
LaTeX Info: Redefining \ref on input line 6097.
LaTeX Info: Redefining \pageref on input line 6101.
 (/usr/local/texlive/2022/texmf-dist/tex/latex/base/atbegshi-ltx.sty
Package: atbegshi-ltx 2021/01/10 v1.0c Emulation of the original atbegshi
package with kernel methods
)
\Hy@abspage=\count309
\c@Item=\count310
\c@Hfootnote=\count311
)
Package hyperref Info: Driver (autodetected): hpdftex.
 (/usr/local/texlive/2022/texmf-dist/tex/latex/hyperref/hpdftex.def
File: hpdftex.def 2022-02-21 v7.00n Hyperref driver for pdfTeX
 (/usr/local/texlive/2022/texmf-dist/tex/latex/base/atveryend-ltx.sty
Package: atveryend-ltx 2020/08/19 v1.0a Emulation of the original atveryend package
with kernel methods
)
\Fld@listcount=\count312
\c@bookmark@seq@number=\count313
 (/usr/local/texlive/2022/texmf-dist/tex/latex/rerunfilecheck/rerunfilecheck.sty
Package: rerunfilecheck 2019/12/05 v1.9 Rerun checks for auxiliary files (HO)
 (/usr/local/texlive/2022/texmf-dist/tex/generic/uniquecounter/uniquecounter.sty
Package: uniquecounter 2019/12/15 v1.4 Provide unlimited unique counter (HO)
)
Package uniquecounter Info: New unique counter `rerunfilecheck' on input line 286.
)
\Hy@SectionHShift=\skip55
) (/usr/local/texlive/2022/texmf-dist/tex/latex/mathtools/mathtools.sty
Package: mathtools 2022/02/07 v1.28a mathematical typesetting tools
 (/usr/local/texlive/2022/texmf-dist/tex/latex/tools/calc.sty
Package: calc 2017/05/25 v4.3 Infix arithmetic (KKT,FJ)
\calc@Acount=\count314
\calc@Bcount=\count315
\calc@Adimen=\dimen181
\calc@Bdimen=\dimen182
\calc@Askip=\skip56
\calc@Bskip=\skip57
LaTeX Info: Redefining \setlength on input line 80.
LaTeX Info: Redefining \addtolength on input line 81.
\calc@Ccount=\count316
\calc@Cskip=\skip58
) (/usr/local/texlive/2022/texmf-dist/tex/latex/mathtools/mhsetup.sty
Package: mhsetup 2021/03/18 v1.4 programming setup (MH)
) (/usr/local/texlive/2022/texmf-dist/tex/latex/amsmath/amsmath.sty
Package: amsmath 2021/10/15 v2.17l AMS math features
\@mathmargin=\skip59

For additional information on amsmath, use the `?' option.
(/usr/local/texlive/2022/texmf-dist/tex/latex/amsmath/amstext.sty
Package: amstext 2021/08/26 v2.01 AMS text
 (/usr/local/texlive/2022/texmf-dist/tex/latex/amsmath/amsgen.sty
File: amsgen.sty 1999/11/30 v2.0 generic functions
\@emptytoks=\toks25
\ex@=\dimen183
)) (/usr/local/texlive/2022/texmf-dist/tex/latex/amsmath/amsbsy.sty
Package: amsbsy 1999/11/29 v1.2d Bold Symbols
\pmbraise@=\dimen184
) (/usr/local/texlive/2022/texmf-dist/tex/latex/amsmath/amsopn.sty
Package: amsopn 2021/08/26 v2.02 operator names
)
\inf@bad=\count317
LaTeX Info: Redefining \frac on input line 234.
\uproot@=\count318
\leftroot@=\count319
LaTeX Info: Redefining \overline on input line 399.
\classnum@=\count320
\DOTSCASE@=\count321
LaTeX Info: Redefining \ldots on input line 496.
LaTeX Info: Redefining \dots on input line 499.
LaTeX Info: Redefining \cdots on input line 620.
\Mathstrutbox@=\box58
\strutbox@=\box59
\big@size=\dimen185
LaTeX Font Info:    Redeclaring font encoding OML on input line 743.
LaTeX Font Info:    Redeclaring font encoding OMS on input line 744.
\macc@depth=\count322
\c@MaxMatrixCols=\count323
\dotsspace@=\muskip17
\c@parentequation=\count324
\dspbrk@lvl=\count325
\tag@help=\toks26
\row@=\count326
\column@=\count327
\maxfields@=\count328
\andhelp@=\toks27
\eqnshift@=\dimen186
\alignsep@=\dimen187
\tagshift@=\dimen188
\tagwidth@=\dimen189
\totwidth@=\dimen190
\lineht@=\dimen191
\@envbody=\toks28
\multlinegap=\skip60
\multlinetaggap=\skip61
\mathdisplay@stack=\toks29
LaTeX Info: Redefining \[ on input line 2938.
LaTeX Info: Redefining \] on input line 2939.
)
\g_MT_multlinerow_int=\count329
\l_MT_multwidth_dim=\dimen192
\origjot=\skip62
\l_MT_shortvdotswithinadjustabove_dim=\dimen193
\l_MT_shortvdotswithinadjustbelow_dim=\dimen194
\l_MT_above_intertext_sep=\dimen195
\l_MT_below_intertext_sep=\dimen196
\l_MT_above_shortintertext_sep=\dimen197
\l_MT_below_shortintertext_sep=\dimen198
\xmathstrut@box=\box60
\xmathstrut@dim=\dimen199
)
Package hyperref Info: Option `colorlinks' set `true' on input line 27.
 (./Report.aux)
\openout1 = `Report.aux'.

LaTeX Font Info:    Checking defaults for OML/cmm/m/it on input line 44.
LaTeX Font Info:    ... okay on input line 44.
LaTeX Font Info:    Checking defaults for OMS/cmsy/m/n on input line 44.
LaTeX Font Info:    ... okay on input line 44.
LaTeX Font Info:    Checking defaults for OT1/cmr/m/n on input line 44.
LaTeX Font Info:    ... okay on input line 44.
LaTeX Font Info:    Checking defaults for T1/cmr/m/n on input line 44.
LaTeX Font Info:    ... okay on input line 44.
LaTeX Font Info:    Checking defaults for TS1/cmr/m/n on input line 44.
LaTeX Font Info:    ... okay on input line 44.
LaTeX Font Info:    Checking defaults for OMX/cmex/m/n on input line 44.
LaTeX Font Info:    ... okay on input line 44.
LaTeX Font Info:    Checking defaults for U/cmr/m/n on input line 44.
LaTeX Font Info:    ... okay on input line 44.
LaTeX Font Info:    Checking defaults for PD1/pdf/m/n on input line 44.
LaTeX Font Info:    ... okay on input line 44.
LaTeX Font Info:    Checking defaults for PU/pdf/m/n on input line 44.
LaTeX Font Info:    ... okay on input line 44.
 (/usr/local/texlive/2022/texmf-dist/tex/context/base/mkii/supp-pdf.mkii
[Loading MPS to PDF converter (version 2006.09.02).]
\scratchcounter=\count330
\scratchdimen=\dimen256
\scratchbox=\box61
\nofMPsegments=\count331
\nofMParguments=\count332
\everyMPshowfont=\toks30
\MPscratchCnt=\count333
\MPscratchDim=\dimen257
\MPnumerator=\count334
\makeMPintoPDFobject=\count335
\everyMPtoPDFconversion=\toks31
) (/usr/local/texlive/2022/texmf-dist/tex/latex/epstopdf-pkg/epstopdf-base.sty
Package: epstopdf-base 2020-01-24 v2.11 Base part for package epstopdf
 (/usr/local/texlive/2022/texmf-dist/tex/latex/grfext/grfext.sty
Package: grfext 2019/12/03 v1.3 Manage graphics extensions (HO)
)
Package epstopdf-base Info: Redefining graphics rule for `.eps' on input line 485.
Package grfext Info: Graphics extension search list:
(grfext)             [.pdf,.png,.jpg,.mps,.jpeg,.jbig2,.jb2,.PDF,.PNG,.JPG,.JPEG,.JBIG2,.JB2,.eps]
(grfext)             \AppendGraphicsExtensions on input line 504.
 (/usr/local/texlive/2022/texmf-dist/tex/latex/latexconfig/epstopdf-sys.cfg
File: epstopdf-sys.cfg 2010/07/13 v1.3 Configuration of (r)epstopdf for TeX Live
))
*geometry* driver: auto-detecting
*geometry* detected driver: pdftex
*geometry* verbose mode - [ preamble ] result:
* driver: pdftex
* paper: a4paper
* layout: <same size as paper>
* layoutoffset:(h,v)=(0.0pt,0.0pt)
* modes: 
* h-part:(L,W,R)=(72.26997pt, 452.96793pt, 72.26997pt)
* v-part:(T,H,B)=(72.26997pt, 700.5069pt, 72.26997pt)
* \paperwidth=597.50787pt
* \paperheight=845.04684pt
* \textwidth=452.96793pt
* \textheight=700.5069pt
* \oddsidemargin=-0.00002pt
* \evensidemargin=-0.00002pt
* \topmargin=-37.00002pt
* \headheight=12.0pt
* \headsep=25.0pt
* \topskip=10.0pt
* \footskip=30.0pt
* \marginparwidth=57.0pt
* \marginparsep=11.0pt
* \columnsep=10.0pt
* \skip\footins=9.0pt plus 4.0pt minus 2.0pt
* \hoffset=0.0pt
* \voffset=0.0pt
* \mag=1000
* \@twocolumnfalse
* \@twosidefalse
* \@mparswitchfalse
* \@reversemarginfalse
* (1in=72.27pt=25.4mm, 1cm=28.453pt)

Package caption Info: Begin \AtBeginDocument code.
Package caption Info: hyperref package is loaded.
Package caption Info: listings package is loaded.
Package caption Info: End \AtBeginDocument code.
\c@lstlisting=\count336
Package hyperref Info: Link coloring ON on input line 44.
(/usr/local/texlive/2022/texmf-dist/tex/latex/hyperref/nameref.sty
Package: nameref 2021-04-02 v2.47 Cross-referencing by name of section
 (/usr/local/texlive/2022/texmf-dist/tex/latex/refcount/refcount.sty
Package: refcount 2019/12/15 v3.6 Data extraction from label references (HO)
) (/usr/local/texlive/2022/texmf-dist/tex/generic/gettitlestring/gettitlestring.sty
Package: gettitlestring 2019/12/15 v1.6 Cleanup title references (HO)
)
\c@section@level=\count337
)
LaTeX Info: Redefining \ref on input line 44.
LaTeX Info: Redefining \pageref on input line 44.
LaTeX Info: Redefining \nameref on input line 44.
 (./Report.out) (./Report.out)
\@outlinefile=\write3
\openout3 = `Report.out'.

LaTeX Font Info:    Trying to load font information for U+msa on input line 48.
 (/usr/local/texlive/2022/texmf-dist/tex/latex/amsfonts/umsa.fd
File: umsa.fd 2013/01/14 v3.01 AMS symbols A
)
LaTeX Font Info:    Trying to load font information for U+msb on input line 48.
 (/usr/local/texlive/2022/texmf-dist/tex/latex/amsfonts/umsb.fd
File: umsb.fd 2013/01/14 v3.01 AMS symbols B
) (./Report.toc)
\tf@toc=\write4
\openout4 = `Report.toc'.

 [0

{/usr/local/texlive/2022/texmf-var/fonts/map/pdftex/updmap/pdftex.map}] [1]
<data/graph_time.png, id=186, 738.687pt x 481.8pt>
File: data/graph_time.png Graphic file (type png)
<use data/graph_time.png>
Package pdftex.def Info: data/graph_time.png  used on input line 115.
(pdftex.def)             Requested size: 317.07616pt x 206.81708pt.

Underfull \hbox (badness 1286) in paragraph at lines 118--120
\OT1/cmr/m/n/10 two col-lec-tion types, it is
 []


Underfull \hbox (badness 3407) in paragraph at lines 122--125
\U/msa/m/n/10 / \OT1/cmr/m/n/10 50\OML/cmm/m/it/10 ; \OT1/cmr/m/n/10 000$, the ex-e-cu-tion
 []


Underfull \hbox (badness 1062) in paragraph at lines 122--125
\OT1/cmr/m/n/10 as for it-er-a-tive col-lec-tions.
 []


Underfull \hbox (badness 3872) in paragraph at lines 122--125
\OT1/cmr/m/n/10 smaller than $20\OML/cmm/m/it/10 ; \OT1/cmr/m/n/10 000$ that
 []

<data/graph_ratios.png, id=188, 700.581pt x 464.718pt>
File: data/graph_ratios.png Graphic file (type png)
<use data/graph_ratios.png>
Package pdftex.def Info: data/graph_ratios.png  used on input line 138.
(pdftex.def)             Requested size: 362.37572pt x 240.37837pt.
[2 <./data/graph_time.png> <./data/graph_ratios.png>] [3]
</Users/shridhar/Library/CloudStorage/OneDrive-QueenslandUniversityofTechnology/Bachelor of Mathematics and Information Technology/Year 4/CAB301 Algorithms/Assignment 2/Report/data/Summary-CompareTo.png, id=205, 242.9075pt x 85.31876pt>
File: /Users/shridhar/Library/CloudStorage/OneDrive-QueenslandUniversityofTechnology/Bachelor of Mathematics and Information Technology/Year 4/CAB301 Algorithms/Assignment 2/Report/data/Summary-CompareTo.png Graphic file (type png)
<use /Users/shridhar/Library/CloudStorage/OneDrive-QueenslandUniversityofTechnology/Bachelor of Mathematics and Information Technology/Year 4/CAB301 Algorithms/Assignment 2/Report/data/Summary-CompareTo.png>
Package pdftex.def Info: /Users/shridhar/Library/CloudStorage/OneDrive-QueenslandUniversityofTechnology/Bachelor of Mathematics and Information Technology/Year 4/CAB301 Algorithms/Assignment 2/Report/data/Summary-CompareTo.png  used on input line 225.
(pdftex.def)             Requested size: 162.017pt x 56.9055pt.
</Users/shridhar/Library/CloudStorage/OneDrive-QueenslandUniversityofTechnology/Bachelor of Mathematics and Information Technology/Year 4/CAB301 Algorithms/Assignment 2/Report/data/Summary-ToString.png, id=207, 172.645pt x 64.24pt>
File: /Users/shridhar/Library/CloudStorage/OneDrive-QueenslandUniversityofTechnology/Bachelor of Mathematics and Information Technology/Year 4/CAB301 Algorithms/Assignment 2/Report/data/Summary-ToString.png Graphic file (type png)
<use /Users/shridhar/Library/CloudStorage/OneDrive-QueenslandUniversityofTechnology/Bachelor of Mathematics and Information Technology/Year 4/CAB301 Algorithms/Assignment 2/Report/data/Summary-ToString.png>
Package pdftex.def Info: /Users/shridhar/Library/CloudStorage/OneDrive-QueenslandUniversityofTechnology/Bachelor of Mathematics and Information Technology/Year 4/CAB301 Algorithms/Assignment 2/Report/data/Summary-ToString.png  used on input line 235.
(pdftex.def)             Requested size: 137.64198pt x 51.21504pt.
 [4 </Users/shridhar/Library/CloudStorage/OneDrive-QueenslandUniversityofTechnology/Bachelor of Mathematics and Information Technology/Year 4/CAB301 Algorithms/Assignment 2/Report/data/Summary-CompareTo.png> </Users/shridhar/Library/CloudStorage/OneDrive-QueenslandUniversityofTechnology/Bachelor of Mathematics and Information Technology/Year 4/CAB301 Algorithms/Assignment 2/Report/data/Summary-ToString.png>]
</Users/shridhar/Library/CloudStorage/OneDrive-QueenslandUniversityofTechnology/Bachelor of Mathematics and Information Technology/Year 4/CAB301 Algorithms/Assignment 2/Report/data/Common-data.png, id=216, 564.1075pt x 133.49875pt>
File: /Users/shridhar/Library/CloudStorage/OneDrive-QueenslandUniversityofTechnology/Bachelor of Mathematics and Information Technology/Year 4/CAB301 Algorithms/Assignment 2/Report/data/Common-data.png Graphic file (type png)
<use /Users/shridhar/Library/CloudStorage/OneDrive-QueenslandUniversityofTechnology/Bachelor of Mathematics and Information Technology/Year 4/CAB301 Algorithms/Assignment 2/Report/data/Common-data.png>
Package pdftex.def Info: /Users/shridhar/Library/CloudStorage/OneDrive-QueenslandUniversityofTechnology/Bachelor of Mathematics and Information Technology/Year 4/CAB301 Algorithms/Assignment 2/Report/data/Common-data.png  used on input line 246.
(pdftex.def)             Requested size: 384.75003pt x 91.04872pt.
</Users/shridhar/Library/CloudStorage/OneDrive-QueenslandUniversityofTechnology/Bachelor of Mathematics and Information Technology/Year 4/CAB301 Algorithms/Assignment 2/Report/data/Summary-IsEmpty.png, id=218, 265.99374pt x 99.37125pt>
File: /Users/shridhar/Library/CloudStorage/OneDrive-QueenslandUniversityofTechnology/Bachelor of Mathematics and Information Technology/Year 4/CAB301 Algorithms/Assignment 2/Report/data/Summary-IsEmpty.png Graphic file (type png)
<use /Users/shridhar/Library/CloudStorage/OneDrive-QueenslandUniversityofTechnology/Bachelor of Mathematics and Information Technology/Year 4/CAB301 Algorithms/Assignment 2/Report/data/Summary-IsEmpty.png>
Package pdftex.def Info: /Users/shridhar/Library/CloudStorage/OneDrive-QueenslandUniversityofTechnology/Bachelor of Mathematics and Information Technology/Year 4/CAB301 Algorithms/Assignment 2/Report/data/Summary-IsEmpty.png  used on input line 286.
(pdftex.def)             Requested size: 175.17488pt x 65.44142pt.
 [5 </Users/shridhar/Library/CloudStorage/OneDrive-QueenslandUniversityofTechnology/Bachelor of Mathematics and Information Technology/Year 4/CAB301 Algorithms/Assignment 2/Report/data/Common-data.png> </Users/shridhar/Library/CloudStorage/OneDrive-QueenslandUniversityofTechnology/Bachelor of Mathematics and Information Technology/Year 4/CAB301 Algorithms/Assignment 2/Report/data/Summary-IsEmpty.png>]
</Users/shridhar/Library/CloudStorage/OneDrive-QueenslandUniversityofTechnology/Bachelor of Mathematics and Information Technology/Year 4/CAB301 Algorithms/Assignment 2/Report/data/Summary-Insert.png, id=233, 145.54375pt x 101.37875pt>
File: /Users/shridhar/Library/CloudStorage/OneDrive-QueenslandUniversityofTechnology/Bachelor of Mathematics and Information Technology/Year 4/CAB301 Algorithms/Assignment 2/Report/data/Summary-Insert.png Graphic file (type png)
<use /Users/shridhar/Library/CloudStorage/OneDrive-QueenslandUniversityofTechnology/Bachelor of Mathematics and Information Technology/Year 4/CAB301 Algorithms/Assignment 2/Report/data/Summary-Insert.png>
Package pdftex.def Info: /Users/shridhar/Library/CloudStorage/OneDrive-QueenslandUniversityofTechnology/Bachelor of Mathematics and Information Technology/Year 4/CAB301 Algorithms/Assignment 2/Report/data/Summary-Insert.png  used on input line 320.
(pdftex.def)             Requested size: 114.37645pt x 79.6678pt.
</Users/shridhar/Library/CloudStorage/OneDrive-QueenslandUniversityofTechnology/Bachelor of Mathematics and Information Technology/Year 4/CAB301 Algorithms/Assignment 2/Report/data/Summary-ToArray.png, id=235, 163.61125pt x 64.24pt>
File: /Users/shridhar/Library/CloudStorage/OneDrive-QueenslandUniversityofTechnology/Bachelor of Mathematics and Information Technology/Year 4/CAB301 Algorithms/Assignment 2/Report/data/Summary-ToArray.png Graphic file (type png)
<use /Users/shridhar/Library/CloudStorage/OneDrive-QueenslandUniversityofTechnology/Bachelor of Mathematics and Information Technology/Year 4/CAB301 Algorithms/Assignment 2/Report/data/Summary-ToArray.png>
Package pdftex.def Info: /Users/shridhar/Library/CloudStorage/OneDrive-QueenslandUniversityofTechnology/Bachelor of Mathematics and Information Technology/Year 4/CAB301 Algorithms/Assignment 2/Report/data/Summary-ToArray.png  used on input line 334.
(pdftex.def)             Requested size: 130.43979pt x 51.21504pt.
 [6 </Users/shridhar/Library/CloudStorage/OneDrive-QueenslandUniversityofTechnology/Bachelor of Mathematics and Information Technology/Year 4/CAB301 Algorithms/Assignment 2/Report/data/Summary-Insert.png> </Users/shridhar/Library/CloudStorage/OneDrive-QueenslandUniversityofTechnology/Bachelor of Mathematics and Information Technology/Year 4/CAB301 Algorithms/Assignment 2/Report/data/Summary-ToArray.png>]
</Users/shridhar/Library/CloudStorage/OneDrive-QueenslandUniversityofTechnology/Bachelor of Mathematics and Information Technology/Year 4/CAB301 Algorithms/Assignment 2/Report/data/Summary-Search.png, id=246, 231.86626pt x 143.53625pt>
File: /Users/shridhar/Library/CloudStorage/OneDrive-QueenslandUniversityofTechnology/Bachelor of Mathematics and Information Technology/Year 4/CAB301 Algorithms/Assignment 2/Report/data/Summary-Search.png Graphic file (type png)
<use /Users/shridhar/Library/CloudStorage/OneDrive-QueenslandUniversityofTechnology/Bachelor of Mathematics and Information Technology/Year 4/CAB301 Algorithms/Assignment 2/Report/data/Summary-Search.png>
Package pdftex.def Info: /Users/shridhar/Library/CloudStorage/OneDrive-QueenslandUniversityofTechnology/Bachelor of Mathematics and Information Technology/Year 4/CAB301 Algorithms/Assignment 2/Report/data/Summary-Search.png  used on input line 357.
(pdftex.def)             Requested size: 160.87238pt x 99.58464pt.
 [7 </Users/shridhar/Library/CloudStorage/OneDrive-QueenslandUniversityofTechnology/Bachelor of Mathematics and Information Technology/Year 4/CAB301 Algorithms/Assignment 2/Report/data/Summary-Search.png>] [8]
</Users/shridhar/Library/CloudStorage/OneDrive-QueenslandUniversityofTechnology/Bachelor of Mathematics and Information Technology/Year 4/CAB301 Algorithms/Assignment 2/Report/data/Summary-Delete.png, id=271, 390.45876pt x 265.99374pt>
File: /Users/shridhar/Library/CloudStorage/OneDrive-QueenslandUniversityofTechnology/Bachelor of Mathematics and Information Technology/Year 4/CAB301 Algorithms/Assignment 2/Report/data/Summary-Delete.png Graphic file (type png)
<use /Users/shridhar/Library/CloudStorage/OneDrive-QueenslandUniversityofTechnology/Bachelor of Mathematics and Information Technology/Year 4/CAB301 Algorithms/Assignment 2/Report/data/Summary-Delete.png>
Package pdftex.def Info: /Users/shridhar/Library/CloudStorage/OneDrive-QueenslandUniversityofTechnology/Bachelor of Mathematics and Information Technology/Year 4/CAB301 Algorithms/Assignment 2/Report/data/Summary-Delete.png  used on input line 427.
(pdftex.def)             Requested size: 250.60173pt x 170.71652pt.
</Users/shridhar/Library/CloudStorage/OneDrive-QueenslandUniversityofTechnology/Bachelor of Mathematics and Information Technology/Year 4/CAB301 Algorithms/Assignment 2/Report/data/Summary-Clear.png, id=273, 151.56625pt x 65.24374pt>
File: /Users/shridhar/Library/CloudStorage/OneDrive-QueenslandUniversityofTechnology/Bachelor of Mathematics and Information Technology/Year 4/CAB301 Algorithms/Assignment 2/Report/data/Summary-Clear.png Graphic file (type png)
<use /Users/shridhar/Library/CloudStorage/OneDrive-QueenslandUniversityofTechnology/Bachelor of Mathematics and Information Technology/Year 4/CAB301 Algorithms/Assignment 2/Report/data/Summary-Clear.png>
Package pdftex.def Info: /Users/shridhar/Library/CloudStorage/OneDrive-QueenslandUniversityofTechnology/Bachelor of Mathematics and Information Technology/Year 4/CAB301 Algorithms/Assignment 2/Report/data/Summary-Clear.png  used on input line 441.
(pdftex.def)             Requested size: 118.97745pt x 51.21504pt.
</Users/shridhar/Library/CloudStorage/OneDrive-QueenslandUniversityofTechnology/Bachelor of Mathematics and Information Technology/Year 4/CAB301 Algorithms/Assignment 2/Report/data/Summary-NoDVDs.png, id=275, 167.62625pt x 61.22874pt>
File: /Users/shridhar/Library/CloudStorage/OneDrive-QueenslandUniversityofTechnology/Bachelor of Mathematics and Information Technology/Year 4/CAB301 Algorithms/Assignment 2/Report/data/Summary-NoDVDs.png Graphic file (type png)
<use /Users/shridhar/Library/CloudStorage/OneDrive-QueenslandUniversityofTechnology/Bachelor of Mathematics and Information Technology/Year 4/CAB301 Algorithms/Assignment 2/Report/data/Summary-NoDVDs.png>
Package pdftex.def Info: /Users/shridhar/Library/CloudStorage/OneDrive-QueenslandUniversityofTechnology/Bachelor of Mathematics and Information Technology/Year 4/CAB301 Algorithms/Assignment 2/Report/data/Summary-NoDVDs.png  used on input line 455.
(pdftex.def)             Requested size: 124.63487pt x 45.52458pt.
 [9 </Users/shridhar/Library/CloudStorage/OneDrive-QueenslandUniversityofTechnology/Bachelor of Mathematics and Information Technology/Year 4/CAB301 Algorithms/Assignment 2/Report/data/Summary-Delete.png> </Users/shridhar/Library/CloudStorage/OneDrive-QueenslandUniversityofTechnology/Bachelor of Mathematics and Information Technology/Year 4/CAB301 Algorithms/Assignment 2/Report/data/Summary-Clear.png> </Users/shridhar/Library/CloudStorage/OneDrive-QueenslandUniversityofTechnology/Bachelor of Mathematics and Information Technology/Year 4/CAB301 Algorithms/Assignment 2/Report/data/Summary-NoDVDs.png>]
<data/ObjectGenerator.png, id=287, 627.34375pt x 610.28pt>
File: data/ObjectGenerator.png Graphic file (type png)
<use data/ObjectGenerator.png>
Package pdftex.def Info: data/ObjectGenerator.png  used on input line 470.
(pdftex.def)             Requested size: 321.74069pt x 312.9803pt.
<data/CompareTo_Lower.png, id=288, 750.805pt x 585.18625pt>
File: data/CompareTo_Lower.png Graphic file (type png)
<use data/CompareTo_Lower.png>
Package pdftex.def Info: data/CompareTo_Lower.png  used on input line 474.
(pdftex.def)             Requested size: 438.07925pt x 341.43306pt.
<data/CompareTo_Upper.png, id=289, 914.41624pt x 488.82625pt>
File: data/CompareTo_Upper.png Graphic file (type png)
<use data/CompareTo_Upper.png>
Package pdftex.def Info: data/CompareTo_Upper.png  used on input line 478.
(pdftex.def)             Requested size: 532.25938pt x 284.52756pt.

Overfull \hbox (79.29146pt too wide) in paragraph at lines 478--479
[][] 
 []

[10 <./data/ObjectGenerator.png>]
<data/CompareTo_Same_with_same_object.png, id=296, 885.3075pt x 428.60126pt>
File: data/CompareTo_Same_with_same_object.png Graphic file (type png)
<use data/CompareTo_Same_with_same_object.png>
Package pdftex.def Info: data/CompareTo_Same_with_same_object.png  used on input line 482.
(pdftex.def)             Requested size: 470.16985pt x 227.62204pt.

Overfull \hbox (17.20192pt too wide) in paragraph at lines 482--483
[][] 
 []

<data/CompareTo_Same_with_different_object.png, id=297, 910.40125pt x 456.70625pt>
File: data/CompareTo_Same_with_different_object.png Graphic file (type png)
<use data/CompareTo_Same_with_different_object.png>
Package pdftex.def Info: data/CompareTo_Same_with_different_object.png  used on input line 486.
(pdftex.def)             Requested size: 453.74089pt x 227.62204pt.

Overfull \hbox (0.77296pt too wide) in paragraph at lines 486--487
[][] 
 []

[11 <./data/CompareTo_Lower.png> <./data/CompareTo_Upper.png>] [12 <./data/CompareTo_Same_with_same_object.png> <./data/CompareTo_Same_with_different_object.png>]
<data/ToString-tests.png, id=317, 673.51625pt x 486.81876pt>
File: data/ToString-tests.png Graphic file (type png)
<use data/ToString-tests.png>
Package pdftex.def Info: data/ToString-tests.png  used on input line 494.
(pdftex.def)             Requested size: 314.91862pt x 227.62204pt.
<data/IsEmpty-True-empty.png, id=319, 455.7025pt x 133.49875pt>
File: data/IsEmpty-True-empty.png Graphic file (type png)
<use data/IsEmpty-True-empty.png>
Package pdftex.def Info: data/IsEmpty-True-empty.png  used on input line 504.
(pdftex.def)             Requested size: 291.38435pt x 85.35826pt.
<data/IsEmpty-True-single-large.png, id=320, 458.71375pt x 404.51125pt>
File: data/IsEmpty-True-single-large.png Graphic file (type png)
<use data/IsEmpty-True-single-large.png>
Package pdftex.def Info: data/IsEmpty-True-single-large.png  used on input line 508.
(pdftex.def)             Requested size: 258.12384pt x 227.62204pt.
<data/IsEmpty-False-single-large.png, id=321, 465.74pt x 325.215pt>
File: data/IsEmpty-False-single-large.png Graphic file (type png)
<use data/IsEmpty-False-single-large.png>
Package pdftex.def Info: data/IsEmpty-False-single-large.png  used on input line 512.
(pdftex.def)             Requested size: 325.98735pt x 227.62204pt.
 [13 <./data/ToString-tests.png> <./data/IsEmpty-True-empty.png>]
<data/Insert_root.png, id=331, 479.7925pt x 146.5475pt>
File: data/Insert_root.png Graphic file (type png)
<use data/Insert_root.png>
Package pdftex.def Info: data/Insert_root.png  used on input line 519.
(pdftex.def)             Requested size: 326.03494pt x 99.58464pt.
<data/Insert_root_LChild.png, id=332, 862.22125pt x 356.33125pt>
File: data/Insert_root_LChild.png Graphic file (type png)
<use data/Insert_root_LChild.png>
Package pdftex.def Info: data/Insert_root_LChild.png  used on input line 523.
(pdftex.def)             Requested size: 481.93282pt x 199.16928pt.

Overfull \hbox (28.96489pt too wide) in paragraph at lines 523--524
[][] 
 []

<data/Insert_root_RChild.png, id=333, 860.21375pt x 340.27126pt>
File: data/Insert_root_RChild.png Graphic file (type png)
<use data/Insert_root_RChild.png>
Package pdftex.def Info: data/Insert_root_RChild.png  used on input line 527.
(pdftex.def)             Requested size: 503.50522pt x 199.16928pt.

Overfull \hbox (50.5373pt too wide) in paragraph at lines 527--528
[][] 
 []

[14 <./data/IsEmpty-True-single-large.png> <./data/IsEmpty-False-single-large.png> <./data/Insert_root.png>]
<data/Insert__duplicate.png, id=344, 470.75874pt x 165.61874pt>
File: data/Insert__duplicate.png Graphic file (type png)
<use data/Insert__duplicate.png>
Package pdftex.def Info: data/Insert__duplicate.png  used on input line 531.
(pdftex.def)             Requested size: 323.495pt x 113.81102pt.
<data/Insert_multiple_movies.png, id=345, 484.81125pt x 154.5775pt>
File: data/Insert_multiple_movies.png Graphic file (type png)
<use data/Insert_multiple_movies.png>
Package pdftex.def Info: data/Insert_multiple_movies.png  used on input line 535.
(pdftex.def)             Requested size: 356.96448pt x 113.81102pt.
 [15 <./data/Insert_root_LChild.png> <./data/Insert_root_RChild.png> <./data/Insert__duplicate.png>]
<data/ToArray_single_large.png, id=357, 457.71pt x 521.95pt>
File: data/ToArray_single_large.png Graphic file (type png)
<use data/ToArray_single_large.png>
Package pdftex.def Info: data/ToArray_single_large.png  used on input line 542.
(pdftex.def)             Requested size: 274.46051pt x 312.9803pt.
<data/ToArray_empty_collection.png, id=358, 465.74pt x 228.855pt>
File: data/ToArray_empty_collection.png Graphic file (type png)
<use data/ToArray_empty_collection.png>
Package pdftex.def Info: data/ToArray_empty_collection.png  used on input line 546.
(pdftex.def)             Requested size: 289.53043pt x 142.26378pt.
 [16 <./data/Insert_multiple_movies.png> <./data/ToArray_single_large.png>]
<data/Search_doesnt_exist_large_collection.png, id=368, 459.7175pt x 166.6225pt>
File: data/Search_doesnt_exist_large_collection.png Graphic file (type png)
<use data/Search_doesnt_exist_large_collection.png>
Package pdftex.def Info: data/Search_doesnt_exist_large_collection.png  used on input line 553.
(pdftex.def)             Requested size: 314.01372pt x 113.81102pt.
<data/Search_doesnt_exist_single_collection.png, id=369, 454.69875pt x 163.61125pt>
File: data/Search_doesnt_exist_single_collection.png Graphic file (type png)
<use data/Search_doesnt_exist_single_collection.png>
Package pdftex.def Info: data/Search_doesnt_exist_single_collection.png  used on input line 557.
(pdftex.def)             Requested size: 316.2957pt x 113.81102pt.
<data/Search_empty_collection.png, id=370, 439.6425pt x 132.495pt>
File: data/Search_empty_collection.png Graphic file (type png)
<use data/Search_empty_collection.png>
Package pdftex.def Info: data/Search_empty_collection.png  used on input line 561.
(pdftex.def)             Requested size: 377.64912pt x 113.81102pt.
<data/Search_exists_large_collection.png, id=371, 447.6725pt x 162.6075pt>
File: data/Search_exists_large_collection.png Graphic file (type png)
<use data/Search_exists_large_collection.png>
Package pdftex.def Info: data/Search_exists_large_collection.png  used on input line 565.
(pdftex.def)             Requested size: 313.34128pt x 113.81102pt.
<data/Search_exists_single_collection.png, id=372, 393.47pt x 164.615pt>
File: data/Search_exists_single_collection.png Graphic file (type png)
<use data/Search_exists_single_collection.png>
Package pdftex.def Info: data/Search_exists_single_collection.png  used on input line 569.
(pdftex.def)             Requested size: 272.04092pt x 113.81102pt.
 [17 <./data/ToArray_empty_collection.png> <./data/Search_doesnt_exist_large_collection.png> <./data/Search_doesnt_exist_single_collection.png> <./data/Search_empty_collection.png>]
<data/Search_null_in_large_collection.png, id=385, 454.69875pt x 165.61874pt>
File: data/Search_null_in_large_collection.png Graphic file (type png)
<use data/Search_null_in_large_collection.png>
Package pdftex.def Info: data/Search_null_in_large_collection.png  used on input line 573.
(pdftex.def)             Requested size: 312.45891pt x 113.81102pt.
<data/Search_null_in_single_collection.png, id=386, 456.70625pt x 148.555pt>
File: data/Search_null_in_single_collection.png Graphic file (type png)
<use data/Search_null_in_single_collection.png>
Package pdftex.def Info: data/Search_null_in_single_collection.png  used on input line 577.
(pdftex.def)             Requested size: 349.90875pt x 113.81102pt.
 [18 <./data/Search_exists_large_collection.png> <./data/Search_exists_single_collection.png> <./data/Search_null_in_large_collection.png> <./data/Search_null_in_single_collection.png>]
<data/Delete_node_not_in_single_collection.png, id=401, 560.0925pt x 277.035pt>
File: data/Delete_node_not_in_single_collection.png Graphic file (type png)
<use data/Delete_node_not_in_single_collection.png>
Package pdftex.def Info: data/Delete_node_not_in_single_collection.png  used on input line 586.
(pdftex.def)             Requested size: 345.14282pt x 170.71652pt.
<data/Delete_node_not_in_large_collection.png, id=402, 559.08875pt x 294.09875pt>
File: data/Delete_node_not_in_large_collection.png Graphic file (type png)
<use data/Delete_node_not_in_large_collection.png>
Package pdftex.def Info: data/Delete_node_not_in_large_collection.png  used on input line 590.
(pdftex.def)             Requested size: 324.53615pt x 170.71652pt.
<data/Delete_node_from_empty_collection.png, id=403, 559.08875pt x 241.90375pt>
File: data/Delete_node_from_empty_collection.png Graphic file (type png)
<use data/Delete_node_from_empty_collection.png>
Package pdftex.def Info: data/Delete_node_from_empty_collection.png  used on input line 594.
(pdftex.def)             Requested size: 394.57564pt x 170.71652pt.
<data/Delete_null_node_in_single_collection.png, id=404, 558.085pt x 277.035pt>
File: data/Delete_null_node_in_single_collection.png Graphic file (type png)
<use data/Delete_null_node_in_single_collection.png>
Package pdftex.def Info: data/Delete_null_node_in_single_collection.png  used on input line 598.
(pdftex.def)             Requested size: 343.90576pt x 170.71652pt.
<data/Delete_root_single_collection.png, id=405, 583.17876pt x 276.03125pt>
File: data/Delete_root_single_collection.png Graphic file (type png)
<use data/Delete_root_single_collection.png>
Package pdftex.def Info: data/Delete_root_single_collection.png  used on input line 602.
(pdftex.def)             Requested size: 360.69504pt x 170.71652pt.
 [19 <./data/Delete_node_not_in_single_collection.png> <./data/Delete_node_not_in_large_collection.png> <./data/Delete_node_from_empty_collection.png>]
<data/Delete_root_has_only_LChild_leaf.png, id=416, 579.16376pt x 290.08376pt>
File: data/Delete_root_has_only_LChild_leaf.png Graphic file (type png)
<use data/Delete_root_has_only_LChild_leaf.png>
Package pdftex.def Info: data/Delete_root_has_only_LChild_leaf.png  used on input line 606.
(pdftex.def)             Requested size: 340.84644pt x 170.71652pt.
<data/Delete_root_has_only_RChild_leaf.png, id=417, 583.17876pt x 290.08376pt>
File: data/Delete_root_has_only_RChild_leaf.png Graphic file (type png)
<use data/Delete_root_has_only_RChild_leaf.png>
Package pdftex.def Info: data/Delete_root_has_only_RChild_leaf.png  used on input line 610.
(pdftex.def)             Requested size: 343.20932pt x 170.71652pt.
<data/Delete_node_has_only_LChild_leaf.png, id=418, 582.175pt x 323.2075pt>
File: data/Delete_node_has_only_LChild_leaf.png Graphic file (type png)
<use data/Delete_node_has_only_LChild_leaf.png>
Package pdftex.def Info: data/Delete_node_has_only_LChild_leaf.png  used on input line 614.
(pdftex.def)             Requested size: 307.50305pt x 170.71652pt.
 [20 <./data/Delete_null_node_in_single_collection.png> <./data/Delete_root_single_collection.png> <./data/Delete_root_has_only_LChild_leaf.png>]
<data/Delete_node_has_only_RChild_leaf.png, id=429, 584.1825pt x 306.14375pt>
File: data/Delete_node_has_only_RChild_leaf.png Graphic file (type png)
<use data/Delete_node_has_only_RChild_leaf.png>
Package pdftex.def Info: data/Delete_node_has_only_RChild_leaf.png  used on input line 618.
(pdftex.def)             Requested size: 325.7583pt x 170.71652pt.
<data/Delete_node_has_LChild_and_RChild_as_leaves.png, id=430, 582.175pt x 320.19624pt>
File: data/Delete_node_has_LChild_and_RChild_as_leaves.png Graphic file (type png)
<use data/Delete_node_has_LChild_and_RChild_as_leaves.png>
Package pdftex.def Info: data/Delete_node_has_LChild_and_RChild_as_leaves.png  used on input line 622.
(pdftex.def)             Requested size: 310.399pt x 170.71652pt.
<data/Delete_node_has_LChild_with_LeftSkewedtree__and_RChild_as_leaf.png, id=431, 583.17876pt x 341.275pt>
File: data/Delete_node_has_LChild_with_LeftSkewedtree__and_RChild_as_leaf.png Graphic file (type png)
<use data/Delete_node_has_LChild_with_LeftSkewedtree__and_RChild_as_leaf.png>
Package pdftex.def Info: data/Delete_node_has_LChild_with_LeftSkewedtree__and_RChild_as_leaf.png  used on input line 626.
(pdftex.def)             Requested size: 291.73103pt x 170.71652pt.
 [21 <./data/Delete_root_has_only_RChild_leaf.png> <./data/Delete_node_has_only_LChild_leaf.png> <./data/Delete_node_has_only_RChild_leaf.png>]
<data/Delete_node_has_LChild_with_RightSkewedtree_and_RChild_as_leaf.png, id=442, 583.17876pt x 358.33875pt>
File: data/Delete_node_has_LChild_with_RightSkewedtree_and_RChild_as_leaf.png Graphic file (type png)
<use data/Delete_node_has_LChild_with_RightSkewedtree_and_RChild_as_leaf.png>
Package pdftex.def Info: data/Delete_node_has_LChild_with_RightSkewedtree_and_RChild_as_leaf.png  used on input line 630.
(pdftex.def)             Requested size: 277.83145pt x 170.71652pt.
 [22 <./data/Delete_node_has_LChild_and_RChild_as_leaves.png> <./data/Delete_node_has_LChild_with_LeftSkewedtree__and_RChild_as_leaf.png> <./data/Delete_node_has_LChild_with_RightSkewedtree_and_RChild_as_leaf.png>]
<data/Clear-code.png, id=454, 311.1625pt x 503.8825pt>
File: data/Clear-code.png Graphic file (type png)
<use data/Clear-code.png>
Package pdftex.def Info: data/Clear-code.png  used on input line 640.
(pdftex.def)             Requested size: 175.70268pt x 284.52756pt.
<data/NoDVDs-code.png, id=456, 452.69125pt x 452.69125pt>
File: data/NoDVDs-code.png Graphic file (type png)
<use data/NoDVDs-code.png>
Package pdftex.def Info: data/NoDVDs-code.png  used on input line 648.
(pdftex.def)             Requested size: 270.2975pt x 270.30118pt.
 [23 <./data/Clear-code.png> <./data/NoDVDs-code.png>] (./Report.aux)
Package rerunfilecheck Info: File `Report.out' has not changed.
(rerunfilecheck)             Checksum: 90760109EECB991A59151D73C8B45BD2;4422.
 ) 
Here is how much of TeX's memory you used:
 16262 strings out of 478268
 280434 string characters out of 5846348
 557861 words of memory out of 5000000
 34062 multiletter control sequences out of 15000+600000
 477937 words of font info for 62 fonts, out of 8000000 for 9000
 1141 hyphenation exceptions out of 8191
 84i,7n,117p,1039b,487s stack positions out of 10000i,1000n,20000p,200000b,200000s
</usr/local/texlive/2022/texmf-dist/fonts/type1/public/amsfonts/cm/cmbx10.pfb></usr/local/texlive/2022/texmf-dist/fonts/type1/public/amsfonts/cm/cmbx12.pfb></usr/local/texlive/2022/texmf-dist/fonts/type1/public/amsfonts/cm/cmcsc10.pfb></usr/local/texlive/2022/texmf-dist/fonts/type1/public/amsfonts/cm/cmmi10.pfb></usr/local/texlive/2022/texmf-dist/fonts/type1/public/amsfonts/cm/cmmi7.pfb></usr/local/texlive/2022/texmf-dist/fonts/type1/public/amsfonts/cm/cmr10.pfb></usr/local/texlive/2022/texmf-dist/fonts/type1/public/amsfonts/cm/cmr12.pfb></usr/local/texlive/2022/texmf-dist/fonts/type1/public/amsfonts/cm/cmr17.pfb></usr/local/texlive/2022/texmf-dist/fonts/type1/public/amsfonts/cm/cmr7.pfb></usr/local/texlive/2022/texmf-dist/fonts/type1/public/amsfonts/cm/cmr8.pfb></usr/local/texlive/2022/texmf-dist/fonts/type1/public/amsfonts/cm/cmsy10.pfb></usr/local/texlive/2022/texmf-dist/fonts/type1/public/amsfonts/cm/cmti10.pfb></usr/local/texlive/2022/texmf-dist/fonts/type1/public/amsfonts/cm/cmtt10.pfb></usr/local/texlive/2022/texmf-dist/fonts/type1/public/amsfonts/symbols/msam10.pfb>
Output written on Report.pdf (24 pages, 6369919 bytes).
PDF statistics:
 553 PDF objects out of 1000 (max. 8388607)
 397 compressed objects within 4 object streams
 125 named destinations out of 1000 (max. 500000)
 502 words of extra memory for PDF output out of 10000 (max. 10000000)

